🎬 SAM2 Video Processing Pipeline
==================================================
📋 Config: /net/trapnell/vol1/home/mdcolon/proj/morphseq/segmentation_sandbox/configs/pipeline_config.yaml
📊 Metadata: /net/trapnell/vol1/home/mdcolon/proj/morphseq/segmentation_sandbox/data/raw_data_organized/experiment_metadata.json
🎯 Annotations: /net/trapnell/vol1/home/mdcolon/proj/morphseq/segmentation_sandbox/data/detections/gdino_detections.json
💾 Output: /net/trapnell/vol1/home/mdcolon/proj/morphseq/segmentation_sandbox/data/segmentation/grounded_sam_segmentations.json
🎭 Target prompt: 'individual embryo'
📦 Format: rle
🖥️  Device: cuda
🔬 Processing entities: ['20250612_30hpf_ctrl_atf6', '20231206', '20240418', '20250612_30hpf_ctrl_atf6']

🔧 Loading SAM2 configuration...
🎬 Initializing GroundedSamAnnotations...
🎬 Initializing GroundedSamAnnotations...
   Target prompt: 'individual embryo'
   Segmentation format: rle
   Output file: /net/trapnell/vol1/home/mdcolon/proj/morphseq/segmentation_sandbox/data/segmentation/grounded_sam_segmentations.json
📚 Loading components...
✅ Components loaded successfully
📂 Loaded existing results from /net/trapnell/vol1/home/mdcolon/proj/morphseq/segmentation_sandbox/data/segmentation/grounded_sam_segmentations.json
✅ GroundedSamAnnotations initialized successfully
🔧 Loading SAM2 model...
🔧 Loading SAM2 model...
ℹ️ Using SAM2 model root from config: /net/trapnell/vol1/home/mdcolon/proj/morphseq/segmentation_sandbox/models/sam2/sam2
✅ SAM2 model loaded on GPU
✅ SAM2 model loaded successfully
🎯 Found 264 videos to process
📹 Videos:
   - 20231206_D06: 59 images
   - 20231206_G11: 59 images
   - 20231206_B08: 59 images
   - 20231206_G05: 53 images
   - 20231206_C12: 59 images
   ... and 259 more videos

🔍 Entity cross-reference:
   GroundedDINO videos: 264
   SAM2 processed videos: 92
   Missing videos: 172
🎯 Processing 172 videos for SAM2 segmentation

📹 Processing video 1/172: 20231206_G10
🎬 Processing video: 20231206_G10
🎬 Processing single video: 20231206_G10
📁 Video directory: /net/trapnell/vol1/home/mdcolon/proj/morphseq/segmentation_sandbox/data/raw_data_organized/20231206/images/20231206_G10
🖼️ Total frames: 59
➡️ Forward propagation from first frame - avoiding bidirectional propagation
🌱 Seed frame: 20231206_G10_t0000 (index 0)
🎯 Seed detections: 1
🔄 Running SAM2 propagation from frame 0...
   Video directory: /net/trapnell/vol1/home/mdcolon/proj/morphseq/segmentation_sandbox/data/raw_data_organized/20231206/images/20231206_G10
   Seed frame image_id: 20231206_G10_t0000
   📁 Creating SAM2-compatible frame directory with 59 frames
   SAM2 prompt for 20231206_G10_e01 (normalized): bbox=[1648.1,901.2,2615.1,1723.8]
   Propagating through 59 video frames...
✅ SAM2 propagation complete for 59 frames
DEBUG: Processing image 20231206_G10_t0000, keys: ['20231206_G10_e01']
DEBUG: Processing image 20231206_G10_t0001, keys: ['20231206_G10_e01']
DEBUG: Processing image 20231206_G10_t0002, keys: ['20231206_G10_e01']
DEBUG: Processing image 20231206_G10_t0003, keys: ['20231206_G10_e01']
DEBUG: Processing image 20231206_G10_t0004, keys: ['20231206_G10_e01']
DEBUG: Processing image 20231206_G10_t0005, keys: ['20231206_G10_e01']
DEBUG: Processing image 20231206_G10_t0006, keys: ['20231206_G10_e01']
DEBUG: Processing image 20231206_G10_t0007, keys: ['20231206_G10_e01']
DEBUG: Processing image 20231206_G10_t0008, keys: ['20231206_G10_e01']
DEBUG: Processing image 20231206_G10_t0009, keys: ['20231206_G10_e01']
DEBUG: Processing image 20231206_G10_t0010, keys: ['20231206_G10_e01']
DEBUG: Processing image 20231206_G10_t0011, keys: ['20231206_G10_e01']
DEBUG: Processing image 20231206_G10_t0012, keys: ['20231206_G10_e01']
DEBUG: Processing image 20231206_G10_t0013, keys: ['20231206_G10_e01']
DEBUG: Processing image 20231206_G10_t0014, keys: ['20231206_G10_e01']
DEBUG: Processing image 20231206_G10_t0015, keys: ['20231206_G10_e01']
DEBUG: Processing image 20231206_G10_t0016, keys: ['20231206_G10_e01']
DEBUG: Processing image 20231206_G10_t0017, keys: ['20231206_G10_e01']
DEBUG: Processing image 20231206_G10_t0018, keys: ['20231206_G10_e01']
DEBUG: Processing image 20231206_G10_t0019, keys: ['20231206_G10_e01']
DEBUG: Processing image 20231206_G10_t0020, keys: ['20231206_G10_e01']
DEBUG: Processing image 20231206_G10_t0021, keys: ['20231206_G10_e01']
DEBUG: Processing image 20231206_G10_t0022, keys: ['20231206_G10_e01']
DEBUG: Processing image 20231206_G10_t0023, keys: ['20231206_G10_e01']
DEBUG: Processing image 20231206_G10_t0024, keys: ['20231206_G10_e01']
DEBUG: Processing image 20231206_G10_t0025, keys: ['20231206_G10_e01']
DEBUG: Processing image 20231206_G10_t0026, keys: ['20231206_G10_e01']
DEBUG: Processing image 20231206_G10_t0027, keys: ['20231206_G10_e01']
DEBUG: Processing image 20231206_G10_t0028, keys: ['20231206_G10_e01']
DEBUG: Processing image 20231206_G10_t0029, keys: ['20231206_G10_e01']
DEBUG: Processing image 20231206_G10_t0030, keys: ['20231206_G10_e01']
DEBUG: Processing image 20231206_G10_t0031, keys: ['20231206_G10_e01']
DEBUG: Processing image 20231206_G10_t0032, keys: ['20231206_G10_e01']
DEBUG: Processing image 20231206_G10_t0033, keys: ['20231206_G10_e01']
DEBUG: Processing image 20231206_G10_t0034, keys: ['20231206_G10_e01']
DEBUG: Processing image 20231206_G10_t0035, keys: ['20231206_G10_e01']
DEBUG: Processing image 20231206_G10_t0036, keys: ['20231206_G10_e01']
DEBUG: Processing image 20231206_G10_t0037, keys: ['20231206_G10_e01']
DEBUG: Processing image 20231206_G10_t0038, keys: ['20231206_G10_e01']
DEBUG: Processing image 20231206_G10_t0039, keys: ['20231206_G10_e01']
DEBUG: Processing image 20231206_G10_t0040, keys: ['20231206_G10_e01']
DEBUG: Processing image 20231206_G10_t0041, keys: ['20231206_G10_e01']
DEBUG: Processing image 20231206_G10_t0042, keys: ['20231206_G10_e01']
DEBUG: Processing image 20231206_G10_t0043, keys: ['20231206_G10_e01']
DEBUG: Processing image 20231206_G10_t0044, keys: ['20231206_G10_e01']
DEBUG: Processing image 20231206_G10_t0045, keys: ['20231206_G10_e01']
DEBUG: Processing image 20231206_G10_t0046, keys: ['20231206_G10_e01']
DEBUG: Processing image 20231206_G10_t0047, keys: ['20231206_G10_e01']
DEBUG: Processing image 20231206_G10_t0048, keys: ['20231206_G10_e01']
DEBUG: Processing image 20231206_G10_t0049, keys: ['20231206_G10_e01']
DEBUG: Processing image 20231206_G10_t0050, keys: ['20231206_G10_e01']
DEBUG: Processing image 20231206_G10_t0051, keys: ['20231206_G10_e01']
DEBUG: Processing image 20231206_G10_t0052, keys: ['20231206_G10_e01']
DEBUG: Processing image 20231206_G10_t0053, keys: ['20231206_G10_e01']
DEBUG: Processing image 20231206_G10_t0054, keys: ['20231206_G10_e01']
DEBUG: Processing image 20231206_G10_t0055, keys: ['20231206_G10_e01']
DEBUG: Processing image 20231206_G10_t0056, keys: ['20231206_G10_e01']
DEBUG: Processing image 20231206_G10_t0057, keys: ['20231206_G10_e01']
DEBUG: Processing image 20231206_G10_t0058, keys: ['20231206_G10_e01']
✅ Video 20231206_G10 processed: 59 frames
✅ Video 20231206_G10 processed successfully

📹 Processing video 2/172: 20231206_F01
🎬 Processing video: 20231206_F01
🎬 Processing single video: 20231206_F01
📁 Video directory: /net/trapnell/vol1/home/mdcolon/proj/morphseq/segmentation_sandbox/data/raw_data_organized/20231206/images/20231206_F01
🖼️ Total frames: 59
🌱 Seed frame: 20231206_F01_t0012 (index 12)
🎯 Seed detections: 1
🔄 Running bidirectional SAM2 propagation from seed frame 12
➡️ Forward propagation: frames 12 to 58
🔄 Running SAM2 propagation from frame 12...
   Video directory: /net/trapnell/vol1/home/mdcolon/proj/morphseq/segmentation_sandbox/data/raw_data_organized/20231206/images/20231206_F01
   Seed frame image_id: 20231206_F01_t0012
   📁 Creating SAM2-compatible frame directory with 59 frames
   SAM2 prompt for 20231206_F01_e01 (normalized): bbox=[1613.6,705.3,2342.7,1239.5]
   Propagating through 59 video frames...
✅ SAM2 propagation complete for 47 frames
⬅️ Backward propagation: frames 0 to 12
🔄 Running SAM2 propagation from frame 0...
   Video directory: /net/trapnell/vol1/home/mdcolon/proj/morphseq/segmentation_sandbox/data/raw_data_organized/20231206/images/20231206_F01
   Seed frame image_id: 20231206_F01_t0012
   📁 Creating SAM2-compatible frame directory with 13 frames
   SAM2 prompt for 20231206_F01_e01 (normalized): bbox=[1613.6,705.3,2342.7,1239.5]
   Propagating through 13 video frames...
✅ SAM2 propagation complete for 13 frames
🔄 Combining bidirectional results...
✅ Bidirectional propagation complete: 59 frames
DEBUG: Processing image 20231206_F01_t0000, keys: ['20231206_F01_e01']
DEBUG: Processing image 20231206_F01_t0001, keys: ['20231206_F01_e01']
DEBUG: Processing image 20231206_F01_t0002, keys: ['20231206_F01_e01']
DEBUG: Processing image 20231206_F01_t0003, keys: ['20231206_F01_e01']
DEBUG: Processing image 20231206_F01_t0004, keys: ['20231206_F01_e01']
DEBUG: Processing image 20231206_F01_t0005, keys: ['20231206_F01_e01']
DEBUG: Processing image 20231206_F01_t0006, keys: ['20231206_F01_e01']
DEBUG: Processing image 20231206_F01_t0007, keys: ['20231206_F01_e01']
DEBUG: Processing image 20231206_F01_t0008, keys: ['20231206_F01_e01']
DEBUG: Processing image 20231206_F01_t0009, keys: ['20231206_F01_e01']
DEBUG: Processing image 20231206_F01_t0010, keys: ['20231206_F01_e01']
DEBUG: Processing image 20231206_F01_t0011, keys: ['20231206_F01_e01']
DEBUG: Processing image 20231206_F01_t0012, keys: ['20231206_F01_e01']
DEBUG: Processing image 20231206_F01_t0013, keys: ['20231206_F01_e01']
DEBUG: Processing image 20231206_F01_t0014, keys: ['20231206_F01_e01']
DEBUG: Processing image 20231206_F01_t0015, keys: ['20231206_F01_e01']
DEBUG: Processing image 20231206_F01_t0016, keys: ['20231206_F01_e01']
DEBUG: Processing image 20231206_F01_t0017, keys: ['20231206_F01_e01']
DEBUG: Processing image 20231206_F01_t0018, keys: ['20231206_F01_e01']
DEBUG: Processing image 20231206_F01_t0019, keys: ['20231206_F01_e01']
DEBUG: Processing image 20231206_F01_t0020, keys: ['20231206_F01_e01']
DEBUG: Processing image 20231206_F01_t0021, keys: ['20231206_F01_e01']
DEBUG: Processing image 20231206_F01_t0022, keys: ['20231206_F01_e01']
DEBUG: Processing image 20231206_F01_t0023, keys: ['20231206_F01_e01']
DEBUG: Processing image 20231206_F01_t0024, keys: ['20231206_F01_e01']
DEBUG: Processing image 20231206_F01_t0025, keys: ['20231206_F01_e01']
DEBUG: Processing image 20231206_F01_t0026, keys: ['20231206_F01_e01']
DEBUG: Processing image 20231206_F01_t0027, keys: ['20231206_F01_e01']
DEBUG: Processing image 20231206_F01_t0028, keys: ['20231206_F01_e01']
DEBUG: Processing image 20231206_F01_t0029, keys: ['20231206_F01_e01']
DEBUG: Processing image 20231206_F01_t0030, keys: ['20231206_F01_e01']
DEBUG: Processing image 20231206_F01_t0031, keys: ['20231206_F01_e01']
DEBUG: Processing image 20231206_F01_t0032, keys: ['20231206_F01_e01']
DEBUG: Processing image 20231206_F01_t0033, keys: ['20231206_F01_e01']
DEBUG: Processing image 20231206_F01_t0034, keys: ['20231206_F01_e01']
DEBUG: Processing image 20231206_F01_t0035, keys: ['20231206_F01_e01']
DEBUG: Processing image 20231206_F01_t0036, keys: ['20231206_F01_e01']
DEBUG: Processing image 20231206_F01_t0037, keys: ['20231206_F01_e01']
DEBUG: Processing image 20231206_F01_t0038, keys: ['20231206_F01_e01']
DEBUG: Processing image 20231206_F01_t0039, keys: ['20231206_F01_e01']
DEBUG: Processing image 20231206_F01_t0040, keys: ['20231206_F01_e01']
DEBUG: Processing image 20231206_F01_t0041, keys: ['20231206_F01_e01']
DEBUG: Processing image 20231206_F01_t0042, keys: ['20231206_F01_e01']
DEBUG: Processing image 20231206_F01_t0043, keys: ['20231206_F01_e01']
DEBUG: Processing image 20231206_F01_t0044, keys: ['20231206_F01_e01']
DEBUG: Processing image 20231206_F01_t0045, keys: ['20231206_F01_e01']
DEBUG: Processing image 20231206_F01_t0046, keys: ['20231206_F01_e01']
DEBUG: Processing image 20231206_F01_t0047, keys: ['20231206_F01_e01']
DEBUG: Processing image 20231206_F01_t0048, keys: ['20231206_F01_e01']
DEBUG: Processing image 20231206_F01_t0049, keys: ['20231206_F01_e01']
DEBUG: Processing image 20231206_F01_t0050, keys: ['20231206_F01_e01']
DEBUG: Processing image 20231206_F01_t0051, keys: ['20231206_F01_e01']
DEBUG: Processing image 20231206_F01_t0052, keys: ['20231206_F01_e01']
DEBUG: Processing image 20231206_F01_t0053, keys: ['20231206_F01_e01']
DEBUG: Processing image 20231206_F01_t0054, keys: ['20231206_F01_e01']
DEBUG: Processing image 20231206_F01_t0055, keys: ['20231206_F01_e01']
DEBUG: Processing image 20231206_F01_t0056, keys: ['20231206_F01_e01']
DEBUG: Processing image 20231206_F01_t0057, keys: ['20231206_F01_e01']
DEBUG: Processing image 20231206_F01_t0058, keys: ['20231206_F01_e01']
✅ Video 20231206_F01 processed: 59 frames
✅ Video 20231206_F01 processed successfully

📹 Processing video 3/172: 20240418_B06
🎬 Processing video: 20240418_B06
🎬 Processing single video: 20240418_B06
📁 Video directory: /net/trapnell/vol1/home/mdcolon/proj/morphseq/segmentation_sandbox/data/raw_data_organized/20240418/images/20240418_B06
🖼️ Total frames: 46
➡️ Forward propagation from first frame - avoiding bidirectional propagation
🌱 Seed frame: 20240418_B06_t0000 (index 0)
🎯 Seed detections: 2
🔄 Running SAM2 propagation from frame 0...
   Video directory: /net/trapnell/vol1/home/mdcolon/proj/morphseq/segmentation_sandbox/data/raw_data_organized/20240418/images/20240418_B06
   Seed frame image_id: 20240418_B06_t0000
   📁 Creating SAM2-compatible frame directory with 46 frames
   SAM2 prompt for 20240418_B06_e01 (normalized): bbox=[1245.0,1221.4,1508.9,1582.5]
   SAM2 prompt for 20240418_B06_e02 (normalized): bbox=[441.2,805.4,673.2,1327.5]
   Propagating through 46 video frames...
✅ SAM2 propagation complete for 46 frames
DEBUG: Processing image 20240418_B06_t0000, keys: ['20240418_B06_e01', '20240418_B06_e02']
DEBUG: Processing image 20240418_B06_t0001, keys: ['20240418_B06_e01', '20240418_B06_e02']
DEBUG: Processing image 20240418_B06_t0002, keys: ['20240418_B06_e01', '20240418_B06_e02']
DEBUG: Processing image 20240418_B06_t0003, keys: ['20240418_B06_e01', '20240418_B06_e02']
DEBUG: Processing image 20240418_B06_t0004, keys: ['20240418_B06_e01', '20240418_B06_e02']
DEBUG: Processing image 20240418_B06_t0005, keys: ['20240418_B06_e01', '20240418_B06_e02']
DEBUG: Processing image 20240418_B06_t0006, keys: ['20240418_B06_e01', '20240418_B06_e02']
DEBUG: Processing image 20240418_B06_t0007, keys: ['20240418_B06_e01', '20240418_B06_e02']
DEBUG: Processing image 20240418_B06_t0008, keys: ['20240418_B06_e01', '20240418_B06_e02']
DEBUG: Processing image 20240418_B06_t0009, keys: ['20240418_B06_e01', '20240418_B06_e02']
DEBUG: Processing image 20240418_B06_t0010, keys: ['20240418_B06_e01', '20240418_B06_e02']
DEBUG: Processing image 20240418_B06_t0011, keys: ['20240418_B06_e01', '20240418_B06_e02']
DEBUG: Processing image 20240418_B06_t0012, keys: ['20240418_B06_e01', '20240418_B06_e02']
DEBUG: Processing image 20240418_B06_t0013, keys: ['20240418_B06_e01', '20240418_B06_e02']
DEBUG: Processing image 20240418_B06_t0014, keys: ['20240418_B06_e01', '20240418_B06_e02']
DEBUG: Processing image 20240418_B06_t0015, keys: ['20240418_B06_e01', '20240418_B06_e02']
DEBUG: Processing image 20240418_B06_t0016, keys: ['20240418_B06_e01', '20240418_B06_e02']
DEBUG: Processing image 20240418_B06_t0017, keys: ['20240418_B06_e01', '20240418_B06_e02']
DEBUG: Processing image 20240418_B06_t0018, keys: ['20240418_B06_e01', '20240418_B06_e02']
DEBUG: Processing image 20240418_B06_t0019, keys: ['20240418_B06_e01', '20240418_B06_e02']
DEBUG: Processing image 20240418_B06_t0020, keys: ['20240418_B06_e01', '20240418_B06_e02']
DEBUG: Processing image 20240418_B06_t0021, keys: ['20240418_B06_e01', '20240418_B06_e02']
DEBUG: Processing image 20240418_B06_t0022, keys: ['20240418_B06_e01', '20240418_B06_e02']
DEBUG: Processing image 20240418_B06_t0023, keys: ['20240418_B06_e01', '20240418_B06_e02']
DEBUG: Processing image 20240418_B06_t0024, keys: ['20240418_B06_e01', '20240418_B06_e02']
DEBUG: Processing image 20240418_B06_t0025, keys: ['20240418_B06_e01', '20240418_B06_e02']
DEBUG: Processing image 20240418_B06_t0026, keys: ['20240418_B06_e01', '20240418_B06_e02']
DEBUG: Processing image 20240418_B06_t0027, keys: ['20240418_B06_e01', '20240418_B06_e02']
DEBUG: Processing image 20240418_B06_t0028, keys: ['20240418_B06_e01', '20240418_B06_e02']
DEBUG: Processing image 20240418_B06_t0029, keys: ['20240418_B06_e01', '20240418_B06_e02']
DEBUG: Processing image 20240418_B06_t0030, keys: ['20240418_B06_e01', '20240418_B06_e02']
DEBUG: Processing image 20240418_B06_t0031, keys: ['20240418_B06_e01', '20240418_B06_e02']
DEBUG: Processing image 20240418_B06_t0032, keys: ['20240418_B06_e01', '20240418_B06_e02']
DEBUG: Processing image 20240418_B06_t0033, keys: ['20240418_B06_e01', '20240418_B06_e02']
DEBUG: Processing image 20240418_B06_t0034, keys: ['20240418_B06_e01', '20240418_B06_e02']
DEBUG: Processing image 20240418_B06_t0035, keys: ['20240418_B06_e01', '20240418_B06_e02']
DEBUG: Processing image 20240418_B06_t0036, keys: ['20240418_B06_e01', '20240418_B06_e02']
DEBUG: Processing image 20240418_B06_t0037, keys: ['20240418_B06_e01', '20240418_B06_e02']
DEBUG: Processing image 20240418_B06_t0038, keys: ['20240418_B06_e01', '20240418_B06_e02']
DEBUG: Processing image 20240418_B06_t0039, keys: ['20240418_B06_e01', '20240418_B06_e02']
DEBUG: Processing image 20240418_B06_t0040, keys: ['20240418_B06_e01', '20240418_B06_e02']
DEBUG: Processing image 20240418_B06_t0041, keys: ['20240418_B06_e01', '20240418_B06_e02']
DEBUG: Processing image 20240418_B06_t0042, keys: ['20240418_B06_e01', '20240418_B06_e02']
DEBUG: Processing image 20240418_B06_t0043, keys: ['20240418_B06_e01', '20240418_B06_e02']
DEBUG: Processing image 20240418_B06_t0044, keys: ['20240418_B06_e01', '20240418_B06_e02']
DEBUG: Processing image 20240418_B06_t0045, keys: ['20240418_B06_e01', '20240418_B06_e02']
✅ Video 20240418_B06 processed: 46 frames
✅ Video 20240418_B06 processed successfully

📹 Processing video 4/172: 20240418_F05
🎬 Processing video: 20240418_F05
🎬 Processing single video: 20240418_F05
📁 Video directory: /net/trapnell/vol1/home/mdcolon/proj/morphseq/segmentation_sandbox/data/raw_data_organized/20240418/images/20240418_F05
🖼️ Total frames: 46
➡️ Forward propagation from first frame - avoiding bidirectional propagation
🌱 Seed frame: 20240418_F05_t0000 (index 0)
🎯 Seed detections: 1
🔄 Running SAM2 propagation from frame 0...
   Video directory: /net/trapnell/vol1/home/mdcolon/proj/morphseq/segmentation_sandbox/data/raw_data_organized/20240418/images/20240418_F05
   Seed frame image_id: 20240418_F05_t0000
   📁 Creating SAM2-compatible frame directory with 46 frames
   SAM2 prompt for 20240418_F05_e01 (normalized): bbox=[472.6,1553.4,713.4,1778.8]
   Propagating through 46 video frames...
✅ SAM2 propagation complete for 46 frames
DEBUG: Processing image 20240418_F05_t0000, keys: ['20240418_F05_e01']
DEBUG: Processing image 20240418_F05_t0001, keys: ['20240418_F05_e01']
DEBUG: Processing image 20240418_F05_t0002, keys: ['20240418_F05_e01']
DEBUG: Processing image 20240418_F05_t0003, keys: ['20240418_F05_e01']
DEBUG: Processing image 20240418_F05_t0004, keys: ['20240418_F05_e01']
DEBUG: Processing image 20240418_F05_t0005, keys: ['20240418_F05_e01']
DEBUG: Processing image 20240418_F05_t0006, keys: ['20240418_F05_e01']
DEBUG: Processing image 20240418_F05_t0007, keys: ['20240418_F05_e01']
DEBUG: Processing image 20240418_F05_t0008, keys: ['20240418_F05_e01']
DEBUG: Processing image 20240418_F05_t0009, keys: ['20240418_F05_e01']
DEBUG: Processing image 20240418_F05_t0010, keys: ['20240418_F05_e01']
DEBUG: Processing image 20240418_F05_t0011, keys: ['20240418_F05_e01']
DEBUG: Processing image 20240418_F05_t0012, keys: ['20240418_F05_e01']
DEBUG: Processing image 20240418_F05_t0013, keys: ['20240418_F05_e01']
DEBUG: Processing image 20240418_F05_t0014, keys: ['20240418_F05_e01']
DEBUG: Processing image 20240418_F05_t0015, keys: ['20240418_F05_e01']
DEBUG: Processing image 20240418_F05_t0016, keys: ['20240418_F05_e01']
DEBUG: Processing image 20240418_F05_t0017, keys: ['20240418_F05_e01']
DEBUG: Processing image 20240418_F05_t0018, keys: ['20240418_F05_e01']
DEBUG: Processing image 20240418_F05_t0019, keys: ['20240418_F05_e01']
DEBUG: Processing image 20240418_F05_t0020, keys: ['20240418_F05_e01']
DEBUG: Processing image 20240418_F05_t0021, keys: ['20240418_F05_e01']
DEBUG: Processing image 20240418_F05_t0022, keys: ['20240418_F05_e01']
DEBUG: Processing image 20240418_F05_t0023, keys: ['20240418_F05_e01']
DEBUG: Processing image 20240418_F05_t0024, keys: ['20240418_F05_e01']
DEBUG: Processing image 20240418_F05_t0025, keys: ['20240418_F05_e01']
DEBUG: Processing image 20240418_F05_t0026, keys: ['20240418_F05_e01']
DEBUG: Processing image 20240418_F05_t0027, keys: ['20240418_F05_e01']
DEBUG: Processing image 20240418_F05_t0028, keys: ['20240418_F05_e01']
DEBUG: Processing image 20240418_F05_t0029, keys: ['20240418_F05_e01']
DEBUG: Processing image 20240418_F05_t0030, keys: ['20240418_F05_e01']
DEBUG: Processing image 20240418_F05_t0031, keys: ['20240418_F05_e01']
DEBUG: Processing image 20240418_F05_t0032, keys: ['20240418_F05_e01']
DEBUG: Processing image 20240418_F05_t0033, keys: ['20240418_F05_e01']
DEBUG: Processing image 20240418_F05_t0034, keys: ['20240418_F05_e01']
DEBUG: Processing image 20240418_F05_t0035, keys: ['20240418_F05_e01']
DEBUG: Processing image 20240418_F05_t0036, keys: ['20240418_F05_e01']
DEBUG: Processing image 20240418_F05_t0037, keys: ['20240418_F05_e01']
DEBUG: Processing image 20240418_F05_t0038, keys: ['20240418_F05_e01']
DEBUG: Processing image 20240418_F05_t0039, keys: ['20240418_F05_e01']
DEBUG: Processing image 20240418_F05_t0040, keys: ['20240418_F05_e01']
DEBUG: Processing image 20240418_F05_t0041, keys: ['20240418_F05_e01']
DEBUG: Processing image 20240418_F05_t0042, keys: ['20240418_F05_e01']
DEBUG: Processing image 20240418_F05_t0043, keys: ['20240418_F05_e01']
DEBUG: Processing image 20240418_F05_t0044, keys: ['20240418_F05_e01']
DEBUG: Processing image 20240418_F05_t0045, keys: ['20240418_F05_e01']
✅ Video 20240418_F05 processed: 46 frames
✅ Video 20240418_F05 processed successfully

📹 Processing video 5/172: 20231206_B07
🎬 Processing video: 20231206_B07
🎬 Processing single video: 20231206_B07
📁 Video directory: /net/trapnell/vol1/home/mdcolon/proj/morphseq/segmentation_sandbox/data/raw_data_organized/20231206/images/20231206_B07
🖼️ Total frames: 59
➡️ Forward propagation from first frame - avoiding bidirectional propagation
🌱 Seed frame: 20231206_B07_t0000 (index 0)
🎯 Seed detections: 1
🔄 Running SAM2 propagation from frame 0...
   Video directory: /net/trapnell/vol1/home/mdcolon/proj/morphseq/segmentation_sandbox/data/raw_data_organized/20231206/images/20231206_B07
   Seed frame image_id: 20231206_B07_t0000
   📁 Creating SAM2-compatible frame directory with 59 frames
   SAM2 prompt for 20231206_B07_e01 (normalized): bbox=[2075.1,742.3,2580.9,1207.4]
   Propagating through 59 video frames...
✅ SAM2 propagation complete for 59 frames
DEBUG: Processing image 20231206_B07_t0000, keys: ['20231206_B07_e01']
DEBUG: Processing image 20231206_B07_t0001, keys: ['20231206_B07_e01']
DEBUG: Processing image 20231206_B07_t0002, keys: ['20231206_B07_e01']
DEBUG: Processing image 20231206_B07_t0003, keys: ['20231206_B07_e01']
DEBUG: Processing image 20231206_B07_t0004, keys: ['20231206_B07_e01']
DEBUG: Processing image 20231206_B07_t0005, keys: ['20231206_B07_e01']
DEBUG: Processing image 20231206_B07_t0006, keys: ['20231206_B07_e01']
DEBUG: Processing image 20231206_B07_t0007, keys: ['20231206_B07_e01']
DEBUG: Processing image 20231206_B07_t0008, keys: ['20231206_B07_e01']
DEBUG: Processing image 20231206_B07_t0009, keys: ['20231206_B07_e01']
DEBUG: Processing image 20231206_B07_t0010, keys: ['20231206_B07_e01']
DEBUG: Processing image 20231206_B07_t0011, keys: ['20231206_B07_e01']
DEBUG: Processing image 20231206_B07_t0012, keys: ['20231206_B07_e01']
DEBUG: Processing image 20231206_B07_t0013, keys: ['20231206_B07_e01']
DEBUG: Processing image 20231206_B07_t0014, keys: ['20231206_B07_e01']
DEBUG: Processing image 20231206_B07_t0015, keys: ['20231206_B07_e01']
DEBUG: Processing image 20231206_B07_t0016, keys: ['20231206_B07_e01']
DEBUG: Processing image 20231206_B07_t0017, keys: ['20231206_B07_e01']
DEBUG: Processing image 20231206_B07_t0018, keys: ['20231206_B07_e01']
DEBUG: Processing image 20231206_B07_t0019, keys: ['20231206_B07_e01']
DEBUG: Processing image 20231206_B07_t0020, keys: ['20231206_B07_e01']
DEBUG: Processing image 20231206_B07_t0021, keys: ['20231206_B07_e01']
DEBUG: Processing image 20231206_B07_t0022, keys: ['20231206_B07_e01']
DEBUG: Processing image 20231206_B07_t0023, keys: ['20231206_B07_e01']
DEBUG: Processing image 20231206_B07_t0024, keys: ['20231206_B07_e01']
DEBUG: Processing image 20231206_B07_t0025, keys: ['20231206_B07_e01']
DEBUG: Processing image 20231206_B07_t0026, keys: ['20231206_B07_e01']
DEBUG: Processing image 20231206_B07_t0027, keys: ['20231206_B07_e01']
DEBUG: Processing image 20231206_B07_t0028, keys: ['20231206_B07_e01']
DEBUG: Processing image 20231206_B07_t0029, keys: ['20231206_B07_e01']
DEBUG: Processing image 20231206_B07_t0030, keys: ['20231206_B07_e01']
DEBUG: Processing image 20231206_B07_t0031, keys: ['20231206_B07_e01']
DEBUG: Processing image 20231206_B07_t0032, keys: ['20231206_B07_e01']
DEBUG: Processing image 20231206_B07_t0033, keys: ['20231206_B07_e01']
DEBUG: Processing image 20231206_B07_t0034, keys: ['20231206_B07_e01']
DEBUG: Processing image 20231206_B07_t0035, keys: ['20231206_B07_e01']
DEBUG: Processing image 20231206_B07_t0036, keys: ['20231206_B07_e01']
DEBUG: Processing image 20231206_B07_t0037, keys: ['20231206_B07_e01']
DEBUG: Processing image 20231206_B07_t0038, keys: ['20231206_B07_e01']
DEBUG: Processing image 20231206_B07_t0039, keys: ['20231206_B07_e01']
DEBUG: Processing image 20231206_B07_t0040, keys: ['20231206_B07_e01']
DEBUG: Processing image 20231206_B07_t0041, keys: ['20231206_B07_e01']
DEBUG: Processing image 20231206_B07_t0042, keys: ['20231206_B07_e01']
DEBUG: Processing image 20231206_B07_t0043, keys: ['20231206_B07_e01']
DEBUG: Processing image 20231206_B07_t0044, keys: ['20231206_B07_e01']
DEBUG: Processing image 20231206_B07_t0045, keys: ['20231206_B07_e01']
DEBUG: Processing image 20231206_B07_t0046, keys: ['20231206_B07_e01']
DEBUG: Processing image 20231206_B07_t0047, keys: ['20231206_B07_e01']
DEBUG: Processing image 20231206_B07_t0048, keys: ['20231206_B07_e01']
DEBUG: Processing image 20231206_B07_t0049, keys: ['20231206_B07_e01']
DEBUG: Processing image 20231206_B07_t0050, keys: ['20231206_B07_e01']
DEBUG: Processing image 20231206_B07_t0051, keys: ['20231206_B07_e01']
DEBUG: Processing image 20231206_B07_t0052, keys: ['20231206_B07_e01']
DEBUG: Processing image 20231206_B07_t0053, keys: ['20231206_B07_e01']
DEBUG: Processing image 20231206_B07_t0054, keys: ['20231206_B07_e01']
DEBUG: Processing image 20231206_B07_t0055, keys: ['20231206_B07_e01']
DEBUG: Processing image 20231206_B07_t0056, keys: ['20231206_B07_e01']
DEBUG: Processing image 20231206_B07_t0057, keys: ['20231206_B07_e01']
DEBUG: Processing image 20231206_B07_t0058, keys: ['20231206_B07_e01']
✅ Video 20231206_B07 processed: 59 frames
✅ Video 20231206_B07 processed successfully

📹 Processing video 6/172: 20231206_H12
🎬 Processing video: 20231206_H12
🎬 Processing single video: 20231206_H12
📁 Video directory: /net/trapnell/vol1/home/mdcolon/proj/morphseq/segmentation_sandbox/data/raw_data_organized/20231206/images/20231206_H12
🖼️ Total frames: 59
➡️ Forward propagation from first frame - avoiding bidirectional propagation
🌱 Seed frame: 20231206_H12_t0000 (index 0)
🎯 Seed detections: 1
🔄 Running SAM2 propagation from frame 0...
   Video directory: /net/trapnell/vol1/home/mdcolon/proj/morphseq/segmentation_sandbox/data/raw_data_organized/20231206/images/20231206_H12
   Seed frame image_id: 20231206_H12_t0000
   📁 Creating SAM2-compatible frame directory with 59 frames
   SAM2 prompt for 20231206_H12_e01 (normalized): bbox=[1777.8,870.4,2899.0,1430.0]
   Propagating through 59 video frames...
✅ SAM2 propagation complete for 59 frames
DEBUG: Processing image 20231206_H12_t0000, keys: ['20231206_H12_e01']
DEBUG: Processing image 20231206_H12_t0001, keys: ['20231206_H12_e01']
DEBUG: Processing image 20231206_H12_t0002, keys: ['20231206_H12_e01']
DEBUG: Processing image 20231206_H12_t0003, keys: ['20231206_H12_e01']
DEBUG: Processing image 20231206_H12_t0004, keys: ['20231206_H12_e01']
DEBUG: Processing image 20231206_H12_t0005, keys: ['20231206_H12_e01']
DEBUG: Processing image 20231206_H12_t0006, keys: ['20231206_H12_e01']
DEBUG: Processing image 20231206_H12_t0007, keys: ['20231206_H12_e01']
DEBUG: Processing image 20231206_H12_t0008, keys: ['20231206_H12_e01']
DEBUG: Processing image 20231206_H12_t0009, keys: ['20231206_H12_e01']
DEBUG: Processing image 20231206_H12_t0010, keys: ['20231206_H12_e01']
DEBUG: Processing image 20231206_H12_t0011, keys: ['20231206_H12_e01']
DEBUG: Processing image 20231206_H12_t0012, keys: ['20231206_H12_e01']
DEBUG: Processing image 20231206_H12_t0013, keys: ['20231206_H12_e01']
DEBUG: Processing image 20231206_H12_t0014, keys: ['20231206_H12_e01']
DEBUG: Processing image 20231206_H12_t0015, keys: ['20231206_H12_e01']
DEBUG: Processing image 20231206_H12_t0016, keys: ['20231206_H12_e01']
DEBUG: Processing image 20231206_H12_t0017, keys: ['20231206_H12_e01']
DEBUG: Processing image 20231206_H12_t0018, keys: ['20231206_H12_e01']
DEBUG: Processing image 20231206_H12_t0019, keys: ['20231206_H12_e01']
DEBUG: Processing image 20231206_H12_t0020, keys: ['20231206_H12_e01']
DEBUG: Processing image 20231206_H12_t0021, keys: ['20231206_H12_e01']
DEBUG: Processing image 20231206_H12_t0022, keys: ['20231206_H12_e01']
DEBUG: Processing image 20231206_H12_t0023, keys: ['20231206_H12_e01']
DEBUG: Processing image 20231206_H12_t0024, keys: ['20231206_H12_e01']
DEBUG: Processing image 20231206_H12_t0025, keys: ['20231206_H12_e01']
DEBUG: Processing image 20231206_H12_t0026, keys: ['20231206_H12_e01']
DEBUG: Processing image 20231206_H12_t0027, keys: ['20231206_H12_e01']
DEBUG: Processing image 20231206_H12_t0028, keys: ['20231206_H12_e01']
DEBUG: Processing image 20231206_H12_t0029, keys: ['20231206_H12_e01']
DEBUG: Processing image 20231206_H12_t0030, keys: ['20231206_H12_e01']
DEBUG: Processing image 20231206_H12_t0031, keys: ['20231206_H12_e01']
DEBUG: Processing image 20231206_H12_t0032, keys: ['20231206_H12_e01']
DEBUG: Processing image 20231206_H12_t0033, keys: ['20231206_H12_e01']
DEBUG: Processing image 20231206_H12_t0034, keys: ['20231206_H12_e01']
DEBUG: Processing image 20231206_H12_t0035, keys: ['20231206_H12_e01']
DEBUG: Processing image 20231206_H12_t0036, keys: ['20231206_H12_e01']
DEBUG: Processing image 20231206_H12_t0037, keys: ['20231206_H12_e01']
DEBUG: Processing image 20231206_H12_t0038, keys: ['20231206_H12_e01']
DEBUG: Processing image 20231206_H12_t0039, keys: ['20231206_H12_e01']
DEBUG: Processing image 20231206_H12_t0040, keys: ['20231206_H12_e01']
DEBUG: Processing image 20231206_H12_t0041, keys: ['20231206_H12_e01']
DEBUG: Processing image 20231206_H12_t0042, keys: ['20231206_H12_e01']
DEBUG: Processing image 20231206_H12_t0043, keys: ['20231206_H12_e01']
DEBUG: Processing image 20231206_H12_t0044, keys: ['20231206_H12_e01']
DEBUG: Processing image 20231206_H12_t0045, keys: ['20231206_H12_e01']
DEBUG: Processing image 20231206_H12_t0046, keys: ['20231206_H12_e01']
DEBUG: Processing image 20231206_H12_t0047, keys: ['20231206_H12_e01']
DEBUG: Processing image 20231206_H12_t0048, keys: ['20231206_H12_e01']
DEBUG: Processing image 20231206_H12_t0049, keys: ['20231206_H12_e01']
DEBUG: Processing image 20231206_H12_t0050, keys: ['20231206_H12_e01']
DEBUG: Processing image 20231206_H12_t0051, keys: ['20231206_H12_e01']
DEBUG: Processing image 20231206_H12_t0052, keys: ['20231206_H12_e01']
DEBUG: Processing image 20231206_H12_t0053, keys: ['20231206_H12_e01']
DEBUG: Processing image 20231206_H12_t0054, keys: ['20231206_H12_e01']
DEBUG: Processing image 20231206_H12_t0055, keys: ['20231206_H12_e01']
DEBUG: Processing image 20231206_H12_t0056, keys: ['20231206_H12_e01']
DEBUG: Processing image 20231206_H12_t0057, keys: ['20231206_H12_e01']
DEBUG: Processing image 20231206_H12_t0058, keys: ['20231206_H12_e01']
✅ Video 20231206_H12 processed: 59 frames
✅ Video 20231206_H12 processed successfully

📹 Processing video 7/172: 20240418_D01
🎬 Processing video: 20240418_D01
🎬 Processing single video: 20240418_D01
📁 Video directory: /net/trapnell/vol1/home/mdcolon/proj/morphseq/segmentation_sandbox/data/raw_data_organized/20240418/images/20240418_D01
🖼️ Total frames: 46
➡️ Forward propagation from first frame - avoiding bidirectional propagation
🌱 Seed frame: 20240418_D01_t0000 (index 0)
🎯 Seed detections: 2
🔄 Running SAM2 propagation from frame 0...
   Video directory: /net/trapnell/vol1/home/mdcolon/proj/morphseq/segmentation_sandbox/data/raw_data_organized/20240418/images/20240418_D01
   Seed frame image_id: 20240418_D01_t0000
   📁 Creating SAM2-compatible frame directory with 46 frames
   SAM2 prompt for 20240418_D01_e01 (normalized): bbox=[400.1,1371.2,652.3,1614.1]
   SAM2 prompt for 20240418_D01_e02 (normalized): bbox=[1183.2,1472.8,1429.6,1713.7]
   Propagating through 46 video frames...
✅ SAM2 propagation complete for 46 frames
DEBUG: Processing image 20240418_D01_t0000, keys: ['20240418_D01_e01', '20240418_D01_e02']
DEBUG: Processing image 20240418_D01_t0001, keys: ['20240418_D01_e01', '20240418_D01_e02']
DEBUG: Processing image 20240418_D01_t0002, keys: ['20240418_D01_e01', '20240418_D01_e02']
DEBUG: Processing image 20240418_D01_t0003, keys: ['20240418_D01_e01', '20240418_D01_e02']
DEBUG: Processing image 20240418_D01_t0004, keys: ['20240418_D01_e01', '20240418_D01_e02']
DEBUG: Processing image 20240418_D01_t0005, keys: ['20240418_D01_e01', '20240418_D01_e02']
DEBUG: Processing image 20240418_D01_t0006, keys: ['20240418_D01_e01', '20240418_D01_e02']
DEBUG: Processing image 20240418_D01_t0007, keys: ['20240418_D01_e01', '20240418_D01_e02']
DEBUG: Processing image 20240418_D01_t0008, keys: ['20240418_D01_e01', '20240418_D01_e02']
DEBUG: Processing image 20240418_D01_t0009, keys: ['20240418_D01_e01', '20240418_D01_e02']
DEBUG: Processing image 20240418_D01_t0010, keys: ['20240418_D01_e01', '20240418_D01_e02']
DEBUG: Processing image 20240418_D01_t0011, keys: ['20240418_D01_e01', '20240418_D01_e02']
DEBUG: Processing image 20240418_D01_t0012, keys: ['20240418_D01_e01', '20240418_D01_e02']
DEBUG: Processing image 20240418_D01_t0013, keys: ['20240418_D01_e01', '20240418_D01_e02']
DEBUG: Processing image 20240418_D01_t0014, keys: ['20240418_D01_e01', '20240418_D01_e02']
DEBUG: Processing image 20240418_D01_t0015, keys: ['20240418_D01_e01', '20240418_D01_e02']
DEBUG: Processing image 20240418_D01_t0016, keys: ['20240418_D01_e01', '20240418_D01_e02']
DEBUG: Processing image 20240418_D01_t0017, keys: ['20240418_D01_e01', '20240418_D01_e02']
DEBUG: Processing image 20240418_D01_t0018, keys: ['20240418_D01_e01', '20240418_D01_e02']
DEBUG: Processing image 20240418_D01_t0019, keys: ['20240418_D01_e01', '20240418_D01_e02']
DEBUG: Processing image 20240418_D01_t0020, keys: ['20240418_D01_e01', '20240418_D01_e02']
DEBUG: Processing image 20240418_D01_t0021, keys: ['20240418_D01_e01', '20240418_D01_e02']
DEBUG: Processing image 20240418_D01_t0022, keys: ['20240418_D01_e01', '20240418_D01_e02']
DEBUG: Processing image 20240418_D01_t0023, keys: ['20240418_D01_e01', '20240418_D01_e02']
DEBUG: Processing image 20240418_D01_t0024, keys: ['20240418_D01_e01', '20240418_D01_e02']
DEBUG: Processing image 20240418_D01_t0025, keys: ['20240418_D01_e01', '20240418_D01_e02']
DEBUG: Processing image 20240418_D01_t0026, keys: ['20240418_D01_e01', '20240418_D01_e02']
DEBUG: Processing image 20240418_D01_t0027, keys: ['20240418_D01_e01', '20240418_D01_e02']
DEBUG: Processing image 20240418_D01_t0028, keys: ['20240418_D01_e01', '20240418_D01_e02']
DEBUG: Processing image 20240418_D01_t0029, keys: ['20240418_D01_e01', '20240418_D01_e02']
DEBUG: Processing image 20240418_D01_t0030, keys: ['20240418_D01_e01', '20240418_D01_e02']
DEBUG: Processing image 20240418_D01_t0031, keys: ['20240418_D01_e01', '20240418_D01_e02']
DEBUG: Processing image 20240418_D01_t0032, keys: ['20240418_D01_e01', '20240418_D01_e02']
DEBUG: Processing image 20240418_D01_t0033, keys: ['20240418_D01_e01', '20240418_D01_e02']
DEBUG: Processing image 20240418_D01_t0034, keys: ['20240418_D01_e01', '20240418_D01_e02']
DEBUG: Processing image 20240418_D01_t0035, keys: ['20240418_D01_e01', '20240418_D01_e02']
DEBUG: Processing image 20240418_D01_t0036, keys: ['20240418_D01_e01', '20240418_D01_e02']
DEBUG: Processing image 20240418_D01_t0037, keys: ['20240418_D01_e01', '20240418_D01_e02']
DEBUG: Processing image 20240418_D01_t0038, keys: ['20240418_D01_e01', '20240418_D01_e02']
DEBUG: Processing image 20240418_D01_t0039, keys: ['20240418_D01_e01', '20240418_D01_e02']
DEBUG: Processing image 20240418_D01_t0040, keys: ['20240418_D01_e01', '20240418_D01_e02']
DEBUG: Processing image 20240418_D01_t0041, keys: ['20240418_D01_e01', '20240418_D01_e02']
DEBUG: Processing image 20240418_D01_t0042, keys: ['20240418_D01_e01', '20240418_D01_e02']
DEBUG: Processing image 20240418_D01_t0043, keys: ['20240418_D01_e01', '20240418_D01_e02']
DEBUG: Processing image 20240418_D01_t0044, keys: ['20240418_D01_e01', '20240418_D01_e02']
DEBUG: Processing image 20240418_D01_t0045, keys: ['20240418_D01_e01', '20240418_D01_e02']
✅ Video 20240418_D01 processed: 46 frames
✅ Video 20240418_D01 processed successfully

📹 Processing video 8/172: 20231206_B08
🎬 Processing video: 20231206_B08
🎬 Processing single video: 20231206_B08
📁 Video directory: /net/trapnell/vol1/home/mdcolon/proj/morphseq/segmentation_sandbox/data/raw_data_organized/20231206/images/20231206_B08
🖼️ Total frames: 59
➡️ Forward propagation from first frame - avoiding bidirectional propagation
🌱 Seed frame: 20231206_B08_t0000 (index 0)
🎯 Seed detections: 1
🔄 Running SAM2 propagation from frame 0...
   Video directory: /net/trapnell/vol1/home/mdcolon/proj/morphseq/segmentation_sandbox/data/raw_data_organized/20231206/images/20231206_B08
   Seed frame image_id: 20231206_B08_t0000
   📁 Creating SAM2-compatible frame directory with 59 frames
   SAM2 prompt for 20231206_B08_e01 (normalized): bbox=[1956.9,817.9,2490.8,1282.1]
   Propagating through 59 video frames...
✅ SAM2 propagation complete for 59 frames
DEBUG: Processing image 20231206_B08_t0000, keys: ['20231206_B08_e01']
DEBUG: Processing image 20231206_B08_t0001, keys: ['20231206_B08_e01']
DEBUG: Processing image 20231206_B08_t0002, keys: ['20231206_B08_e01']
DEBUG: Processing image 20231206_B08_t0003, keys: ['20231206_B08_e01']
DEBUG: Processing image 20231206_B08_t0004, keys: ['20231206_B08_e01']
DEBUG: Processing image 20231206_B08_t0005, keys: ['20231206_B08_e01']
DEBUG: Processing image 20231206_B08_t0006, keys: ['20231206_B08_e01']
DEBUG: Processing image 20231206_B08_t0007, keys: ['20231206_B08_e01']
DEBUG: Processing image 20231206_B08_t0008, keys: ['20231206_B08_e01']
DEBUG: Processing image 20231206_B08_t0009, keys: ['20231206_B08_e01']
DEBUG: Processing image 20231206_B08_t0010, keys: ['20231206_B08_e01']
DEBUG: Processing image 20231206_B08_t0011, keys: ['20231206_B08_e01']
DEBUG: Processing image 20231206_B08_t0012, keys: ['20231206_B08_e01']
DEBUG: Processing image 20231206_B08_t0013, keys: ['20231206_B08_e01']
DEBUG: Processing image 20231206_B08_t0014, keys: ['20231206_B08_e01']
DEBUG: Processing image 20231206_B08_t0015, keys: ['20231206_B08_e01']
DEBUG: Processing image 20231206_B08_t0016, keys: ['20231206_B08_e01']
DEBUG: Processing image 20231206_B08_t0017, keys: ['20231206_B08_e01']
DEBUG: Processing image 20231206_B08_t0018, keys: ['20231206_B08_e01']
DEBUG: Processing image 20231206_B08_t0019, keys: ['20231206_B08_e01']
DEBUG: Processing image 20231206_B08_t0020, keys: ['20231206_B08_e01']
DEBUG: Processing image 20231206_B08_t0021, keys: ['20231206_B08_e01']
DEBUG: Processing image 20231206_B08_t0022, keys: ['20231206_B08_e01']
DEBUG: Processing image 20231206_B08_t0023, keys: ['20231206_B08_e01']
DEBUG: Processing image 20231206_B08_t0024, keys: ['20231206_B08_e01']
DEBUG: Processing image 20231206_B08_t0025, keys: ['20231206_B08_e01']
DEBUG: Processing image 20231206_B08_t0026, keys: ['20231206_B08_e01']
DEBUG: Processing image 20231206_B08_t0027, keys: ['20231206_B08_e01']
DEBUG: Processing image 20231206_B08_t0028, keys: ['20231206_B08_e01']
DEBUG: Processing image 20231206_B08_t0029, keys: ['20231206_B08_e01']
DEBUG: Processing image 20231206_B08_t0030, keys: ['20231206_B08_e01']
DEBUG: Processing image 20231206_B08_t0031, keys: ['20231206_B08_e01']
DEBUG: Processing image 20231206_B08_t0032, keys: ['20231206_B08_e01']
DEBUG: Processing image 20231206_B08_t0033, keys: ['20231206_B08_e01']
DEBUG: Processing image 20231206_B08_t0034, keys: ['20231206_B08_e01']
DEBUG: Processing image 20231206_B08_t0035, keys: ['20231206_B08_e01']
DEBUG: Processing image 20231206_B08_t0036, keys: ['20231206_B08_e01']
DEBUG: Processing image 20231206_B08_t0037, keys: ['20231206_B08_e01']
DEBUG: Processing image 20231206_B08_t0038, keys: ['20231206_B08_e01']
DEBUG: Processing image 20231206_B08_t0039, keys: ['20231206_B08_e01']
DEBUG: Processing image 20231206_B08_t0040, keys: ['20231206_B08_e01']
DEBUG: Processing image 20231206_B08_t0041, keys: ['20231206_B08_e01']
DEBUG: Processing image 20231206_B08_t0042, keys: ['20231206_B08_e01']
DEBUG: Processing image 20231206_B08_t0043, keys: ['20231206_B08_e01']
DEBUG: Processing image 20231206_B08_t0044, keys: ['20231206_B08_e01']
DEBUG: Processing image 20231206_B08_t0045, keys: ['20231206_B08_e01']
DEBUG: Processing image 20231206_B08_t0046, keys: ['20231206_B08_e01']
DEBUG: Processing image 20231206_B08_t0047, keys: ['20231206_B08_e01']
DEBUG: Processing image 20231206_B08_t0048, keys: ['20231206_B08_e01']
DEBUG: Processing image 20231206_B08_t0049, keys: ['20231206_B08_e01']
DEBUG: Processing image 20231206_B08_t0050, keys: ['20231206_B08_e01']
DEBUG: Processing image 20231206_B08_t0051, keys: ['20231206_B08_e01']
DEBUG: Processing image 20231206_B08_t0052, keys: ['20231206_B08_e01']
DEBUG: Processing image 20231206_B08_t0053, keys: ['20231206_B08_e01']
DEBUG: Processing image 20231206_B08_t0054, keys: ['20231206_B08_e01']
DEBUG: Processing image 20231206_B08_t0055, keys: ['20231206_B08_e01']
DEBUG: Processing image 20231206_B08_t0056, keys: ['20231206_B08_e01']
DEBUG: Processing image 20231206_B08_t0057, keys: ['20231206_B08_e01']
DEBUG: Processing image 20231206_B08_t0058, keys: ['20231206_B08_e01']
✅ Video 20231206_B08 processed: 59 frames
✅ Video 20231206_B08 processed successfully

📹 Processing video 9/172: 20231206_F02
🎬 Processing video: 20231206_F02
🎬 Processing single video: 20231206_F02
📁 Video directory: /net/trapnell/vol1/home/mdcolon/proj/morphseq/segmentation_sandbox/data/raw_data_organized/20231206/images/20231206_F02
🖼️ Total frames: 59
➡️ Forward propagation from first frame - avoiding bidirectional propagation
🌱 Seed frame: 20231206_F02_t0000 (index 0)
🎯 Seed detections: 1
🔄 Running SAM2 propagation from frame 0...
   Video directory: /net/trapnell/vol1/home/mdcolon/proj/morphseq/segmentation_sandbox/data/raw_data_organized/20231206/images/20231206_F02
   Seed frame image_id: 20231206_F02_t0000
   📁 Creating SAM2-compatible frame directory with 59 frames
   SAM2 prompt for 20231206_F02_e01 (normalized): bbox=[2417.8,656.4,3405.8,1224.5]
   Propagating through 59 video frames...
✅ SAM2 propagation complete for 59 frames
DEBUG: Processing image 20231206_F02_t0000, keys: ['20231206_F02_e01']
DEBUG: Processing image 20231206_F02_t0001, keys: ['20231206_F02_e01']
DEBUG: Processing image 20231206_F02_t0002, keys: ['20231206_F02_e01']
DEBUG: Processing image 20231206_F02_t0003, keys: ['20231206_F02_e01']
DEBUG: Processing image 20231206_F02_t0004, keys: ['20231206_F02_e01']
DEBUG: Processing image 20231206_F02_t0005, keys: ['20231206_F02_e01']
DEBUG: Processing image 20231206_F02_t0006, keys: ['20231206_F02_e01']
DEBUG: Processing image 20231206_F02_t0007, keys: ['20231206_F02_e01']
DEBUG: Processing image 20231206_F02_t0008, keys: ['20231206_F02_e01']
DEBUG: Processing image 20231206_F02_t0009, keys: ['20231206_F02_e01']
DEBUG: Processing image 20231206_F02_t0010, keys: ['20231206_F02_e01']
DEBUG: Processing image 20231206_F02_t0011, keys: ['20231206_F02_e01']
DEBUG: Processing image 20231206_F02_t0012, keys: ['20231206_F02_e01']
DEBUG: Processing image 20231206_F02_t0013, keys: ['20231206_F02_e01']
DEBUG: Processing image 20231206_F02_t0014, keys: ['20231206_F02_e01']
DEBUG: Processing image 20231206_F02_t0015, keys: ['20231206_F02_e01']
DEBUG: Processing image 20231206_F02_t0016, keys: ['20231206_F02_e01']
DEBUG: Processing image 20231206_F02_t0017, keys: ['20231206_F02_e01']
DEBUG: Processing image 20231206_F02_t0018, keys: ['20231206_F02_e01']
DEBUG: Processing image 20231206_F02_t0019, keys: ['20231206_F02_e01']
DEBUG: Processing image 20231206_F02_t0020, keys: ['20231206_F02_e01']
DEBUG: Processing image 20231206_F02_t0021, keys: ['20231206_F02_e01']
DEBUG: Processing image 20231206_F02_t0022, keys: ['20231206_F02_e01']
DEBUG: Processing image 20231206_F02_t0023, keys: ['20231206_F02_e01']
DEBUG: Processing image 20231206_F02_t0024, keys: ['20231206_F02_e01']
DEBUG: Processing image 20231206_F02_t0025, keys: ['20231206_F02_e01']
DEBUG: Processing image 20231206_F02_t0026, keys: ['20231206_F02_e01']
DEBUG: Processing image 20231206_F02_t0027, keys: ['20231206_F02_e01']
DEBUG: Processing image 20231206_F02_t0028, keys: ['20231206_F02_e01']
DEBUG: Processing image 20231206_F02_t0029, keys: ['20231206_F02_e01']
DEBUG: Processing image 20231206_F02_t0030, keys: ['20231206_F02_e01']
DEBUG: Processing image 20231206_F02_t0031, keys: ['20231206_F02_e01']
DEBUG: Processing image 20231206_F02_t0032, keys: ['20231206_F02_e01']
DEBUG: Processing image 20231206_F02_t0033, keys: ['20231206_F02_e01']
DEBUG: Processing image 20231206_F02_t0034, keys: ['20231206_F02_e01']
DEBUG: Processing image 20231206_F02_t0035, keys: ['20231206_F02_e01']
DEBUG: Processing image 20231206_F02_t0036, keys: ['20231206_F02_e01']
DEBUG: Processing image 20231206_F02_t0037, keys: ['20231206_F02_e01']
DEBUG: Processing image 20231206_F02_t0038, keys: ['20231206_F02_e01']
DEBUG: Processing image 20231206_F02_t0039, keys: ['20231206_F02_e01']
DEBUG: Processing image 20231206_F02_t0040, keys: ['20231206_F02_e01']
DEBUG: Processing image 20231206_F02_t0041, keys: ['20231206_F02_e01']
DEBUG: Processing image 20231206_F02_t0042, keys: ['20231206_F02_e01']
DEBUG: Processing image 20231206_F02_t0043, keys: ['20231206_F02_e01']
DEBUG: Processing image 20231206_F02_t0044, keys: ['20231206_F02_e01']
DEBUG: Processing image 20231206_F02_t0045, keys: ['20231206_F02_e01']
DEBUG: Processing image 20231206_F02_t0046, keys: ['20231206_F02_e01']
DEBUG: Processing image 20231206_F02_t0047, keys: ['20231206_F02_e01']
DEBUG: Processing image 20231206_F02_t0048, keys: ['20231206_F02_e01']
DEBUG: Processing image 20231206_F02_t0049, keys: ['20231206_F02_e01']
DEBUG: Processing image 20231206_F02_t0050, keys: ['20231206_F02_e01']
DEBUG: Processing image 20231206_F02_t0051, keys: ['20231206_F02_e01']
DEBUG: Processing image 20231206_F02_t0052, keys: ['20231206_F02_e01']
DEBUG: Processing image 20231206_F02_t0053, keys: ['20231206_F02_e01']
DEBUG: Processing image 20231206_F02_t0054, keys: ['20231206_F02_e01']
DEBUG: Processing image 20231206_F02_t0055, keys: ['20231206_F02_e01']
DEBUG: Processing image 20231206_F02_t0056, keys: ['20231206_F02_e01']
DEBUG: Processing image 20231206_F02_t0057, keys: ['20231206_F02_e01']
DEBUG: Processing image 20231206_F02_t0058, keys: ['20231206_F02_e01']
✅ Video 20231206_F02 processed: 59 frames
✅ Video 20231206_F02 processed successfully

📹 Processing video 10/172: 20240418_H06
🎬 Processing video: 20240418_H06
🎬 Processing single video: 20240418_H06
📁 Video directory: /net/trapnell/vol1/home/mdcolon/proj/morphseq/segmentation_sandbox/data/raw_data_organized/20240418/images/20240418_H06
🖼️ Total frames: 46
➡️ Forward propagation from first frame - avoiding bidirectional propagation
🌱 Seed frame: 20240418_H06_t0000 (index 0)
🎯 Seed detections: 2
🔄 Running SAM2 propagation from frame 0...
   Video directory: /net/trapnell/vol1/home/mdcolon/proj/morphseq/segmentation_sandbox/data/raw_data_organized/20240418/images/20240418_H06
   Seed frame image_id: 20240418_H06_t0000
   📁 Creating SAM2-compatible frame directory with 46 frames
   SAM2 prompt for 20240418_H06_e01 (normalized): bbox=[1159.1,1071.3,1426.4,1571.5]
   SAM2 prompt for 20240418_H06_e02 (normalized): bbox=[399.2,1213.8,632.6,1687.8]
   Propagating through 46 video frames...
✅ SAM2 propagation complete for 46 frames
DEBUG: Processing image 20240418_H06_t0000, keys: ['20240418_H06_e01', '20240418_H06_e02']
DEBUG: Processing image 20240418_H06_t0001, keys: ['20240418_H06_e01', '20240418_H06_e02']
DEBUG: Processing image 20240418_H06_t0002, keys: ['20240418_H06_e01', '20240418_H06_e02']
DEBUG: Processing image 20240418_H06_t0003, keys: ['20240418_H06_e01', '20240418_H06_e02']
DEBUG: Processing image 20240418_H06_t0004, keys: ['20240418_H06_e01', '20240418_H06_e02']
DEBUG: Processing image 20240418_H06_t0005, keys: ['20240418_H06_e01', '20240418_H06_e02']
DEBUG: Processing image 20240418_H06_t0006, keys: ['20240418_H06_e01', '20240418_H06_e02']
DEBUG: Processing image 20240418_H06_t0007, keys: ['20240418_H06_e01', '20240418_H06_e02']
DEBUG: Processing image 20240418_H06_t0008, keys: ['20240418_H06_e01', '20240418_H06_e02']
DEBUG: Processing image 20240418_H06_t0009, keys: ['20240418_H06_e01', '20240418_H06_e02']
DEBUG: Processing image 20240418_H06_t0010, keys: ['20240418_H06_e01', '20240418_H06_e02']
DEBUG: Processing image 20240418_H06_t0011, keys: ['20240418_H06_e01', '20240418_H06_e02']
DEBUG: Processing image 20240418_H06_t0012, keys: ['20240418_H06_e01', '20240418_H06_e02']
DEBUG: Processing image 20240418_H06_t0013, keys: ['20240418_H06_e01', '20240418_H06_e02']
DEBUG: Processing image 20240418_H06_t0014, keys: ['20240418_H06_e01', '20240418_H06_e02']
DEBUG: Processing image 20240418_H06_t0015, keys: ['20240418_H06_e01', '20240418_H06_e02']
DEBUG: Processing image 20240418_H06_t0016, keys: ['20240418_H06_e01', '20240418_H06_e02']
DEBUG: Processing image 20240418_H06_t0017, keys: ['20240418_H06_e01', '20240418_H06_e02']
DEBUG: Processing image 20240418_H06_t0018, keys: ['20240418_H06_e01', '20240418_H06_e02']
DEBUG: Processing image 20240418_H06_t0019, keys: ['20240418_H06_e01', '20240418_H06_e02']
DEBUG: Processing image 20240418_H06_t0020, keys: ['20240418_H06_e01', '20240418_H06_e02']
DEBUG: Processing image 20240418_H06_t0021, keys: ['20240418_H06_e01', '20240418_H06_e02']
DEBUG: Processing image 20240418_H06_t0022, keys: ['20240418_H06_e01', '20240418_H06_e02']
DEBUG: Processing image 20240418_H06_t0023, keys: ['20240418_H06_e01', '20240418_H06_e02']
DEBUG: Processing image 20240418_H06_t0024, keys: ['20240418_H06_e01', '20240418_H06_e02']
DEBUG: Processing image 20240418_H06_t0025, keys: ['20240418_H06_e01', '20240418_H06_e02']
DEBUG: Processing image 20240418_H06_t0026, keys: ['20240418_H06_e01', '20240418_H06_e02']
DEBUG: Processing image 20240418_H06_t0027, keys: ['20240418_H06_e01', '20240418_H06_e02']
DEBUG: Processing image 20240418_H06_t0028, keys: ['20240418_H06_e01', '20240418_H06_e02']
DEBUG: Processing image 20240418_H06_t0029, keys: ['20240418_H06_e01', '20240418_H06_e02']
DEBUG: Processing image 20240418_H06_t0030, keys: ['20240418_H06_e01', '20240418_H06_e02']
DEBUG: Processing image 20240418_H06_t0031, keys: ['20240418_H06_e01', '20240418_H06_e02']
DEBUG: Processing image 20240418_H06_t0032, keys: ['20240418_H06_e01', '20240418_H06_e02']
DEBUG: Processing image 20240418_H06_t0033, keys: ['20240418_H06_e01', '20240418_H06_e02']
DEBUG: Processing image 20240418_H06_t0034, keys: ['20240418_H06_e01', '20240418_H06_e02']
DEBUG: Processing image 20240418_H06_t0035, keys: ['20240418_H06_e01', '20240418_H06_e02']
DEBUG: Processing image 20240418_H06_t0036, keys: ['20240418_H06_e01', '20240418_H06_e02']
DEBUG: Processing image 20240418_H06_t0037, keys: ['20240418_H06_e01', '20240418_H06_e02']
DEBUG: Processing image 20240418_H06_t0038, keys: ['20240418_H06_e01', '20240418_H06_e02']
DEBUG: Processing image 20240418_H06_t0039, keys: ['20240418_H06_e01', '20240418_H06_e02']
DEBUG: Processing image 20240418_H06_t0040, keys: ['20240418_H06_e01', '20240418_H06_e02']
DEBUG: Processing image 20240418_H06_t0041, keys: ['20240418_H06_e01', '20240418_H06_e02']
DEBUG: Processing image 20240418_H06_t0042, keys: ['20240418_H06_e01', '20240418_H06_e02']
DEBUG: Processing image 20240418_H06_t0043, keys: ['20240418_H06_e01', '20240418_H06_e02']
DEBUG: Processing image 20240418_H06_t0044, keys: ['20240418_H06_e01', '20240418_H06_e02']
DEBUG: Processing image 20240418_H06_t0045, keys: ['20240418_H06_e01', '20240418_H06_e02']
✅ Video 20240418_H06 processed: 46 frames
✅ Video 20240418_H06 processed successfully
ℹ️ Hierarchy validation disabled
📋 Entity tracker updated: {'experiments': 3, 'videos': 102, 'images': 630, 'embryos': 105, 'snips': 768}
📦 Created backup: grounded_sam_segmentations.backup.20250817_225555.json
🗑️  Removed old backup: grounded_sam_segmentations.backup.20250817_222037.json
💾 SAM2 results saved to /net/trapnell/vol1/home/mdcolon/proj/morphseq/segmentation_sandbox/data/segmentation/grounded_sam_segmentations.json
💾 Auto-saved after 10 videos

📹 Processing video 11/172: 20231206_G07
🎬 Processing video: 20231206_G07
🎬 Processing single video: 20231206_G07
📁 Video directory: /net/trapnell/vol1/home/mdcolon/proj/morphseq/segmentation_sandbox/data/raw_data_organized/20231206/images/20231206_G07
🖼️ Total frames: 59
➡️ Forward propagation from first frame - avoiding bidirectional propagation
🌱 Seed frame: 20231206_G07_t0000 (index 0)
🎯 Seed detections: 1
🔄 Running SAM2 propagation from frame 0...
   Video directory: /net/trapnell/vol1/home/mdcolon/proj/morphseq/segmentation_sandbox/data/raw_data_organized/20231206/images/20231206_G07
   Seed frame image_id: 20231206_G07_t0000
   📁 Creating SAM2-compatible frame directory with 59 frames
   SAM2 prompt for 20231206_G07_e01 (normalized): bbox=[1972.9,974.6,2513.4,1432.7]
   Propagating through 59 video frames...
✅ SAM2 propagation complete for 59 frames
DEBUG: Processing image 20231206_G07_t0000, keys: ['20231206_G07_e01']
DEBUG: Processing image 20231206_G07_t0001, keys: ['20231206_G07_e01']
DEBUG: Processing image 20231206_G07_t0002, keys: ['20231206_G07_e01']
DEBUG: Processing image 20231206_G07_t0003, keys: ['20231206_G07_e01']
DEBUG: Processing image 20231206_G07_t0004, keys: ['20231206_G07_e01']
DEBUG: Processing image 20231206_G07_t0005, keys: ['20231206_G07_e01']
DEBUG: Processing image 20231206_G07_t0006, keys: ['20231206_G07_e01']
DEBUG: Processing image 20231206_G07_t0007, keys: ['20231206_G07_e01']
DEBUG: Processing image 20231206_G07_t0008, keys: ['20231206_G07_e01']
DEBUG: Processing image 20231206_G07_t0009, keys: ['20231206_G07_e01']
DEBUG: Processing image 20231206_G07_t0010, keys: ['20231206_G07_e01']
DEBUG: Processing image 20231206_G07_t0011, keys: ['20231206_G07_e01']
DEBUG: Processing image 20231206_G07_t0012, keys: ['20231206_G07_e01']
DEBUG: Processing image 20231206_G07_t0013, keys: ['20231206_G07_e01']
DEBUG: Processing image 20231206_G07_t0014, keys: ['20231206_G07_e01']
DEBUG: Processing image 20231206_G07_t0015, keys: ['20231206_G07_e01']
DEBUG: Processing image 20231206_G07_t0016, keys: ['20231206_G07_e01']
DEBUG: Processing image 20231206_G07_t0017, keys: ['20231206_G07_e01']
DEBUG: Processing image 20231206_G07_t0018, keys: ['20231206_G07_e01']
DEBUG: Processing image 20231206_G07_t0019, keys: ['20231206_G07_e01']
DEBUG: Processing image 20231206_G07_t0020, keys: ['20231206_G07_e01']
DEBUG: Processing image 20231206_G07_t0021, keys: ['20231206_G07_e01']
DEBUG: Processing image 20231206_G07_t0022, keys: ['20231206_G07_e01']
DEBUG: Processing image 20231206_G07_t0023, keys: ['20231206_G07_e01']
DEBUG: Processing image 20231206_G07_t0024, keys: ['20231206_G07_e01']
DEBUG: Processing image 20231206_G07_t0025, keys: ['20231206_G07_e01']
DEBUG: Processing image 20231206_G07_t0026, keys: ['20231206_G07_e01']
DEBUG: Processing image 20231206_G07_t0027, keys: ['20231206_G07_e01']
DEBUG: Processing image 20231206_G07_t0028, keys: ['20231206_G07_e01']
DEBUG: Processing image 20231206_G07_t0029, keys: ['20231206_G07_e01']
DEBUG: Processing image 20231206_G07_t0030, keys: ['20231206_G07_e01']
DEBUG: Processing image 20231206_G07_t0031, keys: ['20231206_G07_e01']
DEBUG: Processing image 20231206_G07_t0032, keys: ['20231206_G07_e01']
DEBUG: Processing image 20231206_G07_t0033, keys: ['20231206_G07_e01']
DEBUG: Processing image 20231206_G07_t0034, keys: ['20231206_G07_e01']
DEBUG: Processing image 20231206_G07_t0035, keys: ['20231206_G07_e01']
DEBUG: Processing image 20231206_G07_t0036, keys: ['20231206_G07_e01']
DEBUG: Processing image 20231206_G07_t0037, keys: ['20231206_G07_e01']
DEBUG: Processing image 20231206_G07_t0038, keys: ['20231206_G07_e01']
DEBUG: Processing image 20231206_G07_t0039, keys: ['20231206_G07_e01']
DEBUG: Processing image 20231206_G07_t0040, keys: ['20231206_G07_e01']
DEBUG: Processing image 20231206_G07_t0041, keys: ['20231206_G07_e01']
DEBUG: Processing image 20231206_G07_t0042, keys: ['20231206_G07_e01']
DEBUG: Processing image 20231206_G07_t0043, keys: ['20231206_G07_e01']
DEBUG: Processing image 20231206_G07_t0044, keys: ['20231206_G07_e01']
DEBUG: Processing image 20231206_G07_t0045, keys: ['20231206_G07_e01']
DEBUG: Processing image 20231206_G07_t0046, keys: ['20231206_G07_e01']
DEBUG: Processing image 20231206_G07_t0047, keys: ['20231206_G07_e01']
DEBUG: Processing image 20231206_G07_t0048, keys: ['20231206_G07_e01']
DEBUG: Processing image 20231206_G07_t0049, keys: ['20231206_G07_e01']
DEBUG: Processing image 20231206_G07_t0050, keys: ['20231206_G07_e01']
DEBUG: Processing image 20231206_G07_t0051, keys: ['20231206_G07_e01']
DEBUG: Processing image 20231206_G07_t0052, keys: ['20231206_G07_e01']
DEBUG: Processing image 20231206_G07_t0053, keys: ['20231206_G07_e01']
DEBUG: Processing image 20231206_G07_t0054, keys: ['20231206_G07_e01']
DEBUG: Processing image 20231206_G07_t0055, keys: ['20231206_G07_e01']
DEBUG: Processing image 20231206_G07_t0056, keys: ['20231206_G07_e01']
DEBUG: Processing image 20231206_G07_t0057, keys: ['20231206_G07_e01']
DEBUG: Processing image 20231206_G07_t0058, keys: ['20231206_G07_e01']
✅ Video 20231206_G07 processed: 59 frames
✅ Video 20231206_G07 processed successfully

📹 Processing video 12/172: 20240418_H09
🎬 Processing video: 20240418_H09
🎬 Processing single video: 20240418_H09
📁 Video directory: /net/trapnell/vol1/home/mdcolon/proj/morphseq/segmentation_sandbox/data/raw_data_organized/20240418/images/20240418_H09
🖼️ Total frames: 46
➡️ Forward propagation from first frame - avoiding bidirectional propagation
🌱 Seed frame: 20240418_H09_t0000 (index 0)
🎯 Seed detections: 1
🔄 Running SAM2 propagation from frame 0...
   Video directory: /net/trapnell/vol1/home/mdcolon/proj/morphseq/segmentation_sandbox/data/raw_data_organized/20240418/images/20240418_H09
   Seed frame image_id: 20240418_H09_t0000
   📁 Creating SAM2-compatible frame directory with 46 frames
   SAM2 prompt for 20240418_H09_e01 (normalized): bbox=[1157.1,1258.7,1433.1,1490.7]
   Propagating through 46 video frames...
✅ SAM2 propagation complete for 46 frames
DEBUG: Processing image 20240418_H09_t0000, keys: ['20240418_H09_e01']
DEBUG: Processing image 20240418_H09_t0001, keys: ['20240418_H09_e01']
DEBUG: Processing image 20240418_H09_t0002, keys: ['20240418_H09_e01']
DEBUG: Processing image 20240418_H09_t0003, keys: ['20240418_H09_e01']
DEBUG: Processing image 20240418_H09_t0004, keys: ['20240418_H09_e01']
DEBUG: Processing image 20240418_H09_t0005, keys: ['20240418_H09_e01']
DEBUG: Processing image 20240418_H09_t0006, keys: ['20240418_H09_e01']
DEBUG: Processing image 20240418_H09_t0007, keys: ['20240418_H09_e01']
DEBUG: Processing image 20240418_H09_t0008, keys: ['20240418_H09_e01']
DEBUG: Processing image 20240418_H09_t0009, keys: ['20240418_H09_e01']
DEBUG: Processing image 20240418_H09_t0010, keys: ['20240418_H09_e01']
DEBUG: Processing image 20240418_H09_t0011, keys: ['20240418_H09_e01']
DEBUG: Processing image 20240418_H09_t0012, keys: ['20240418_H09_e01']
DEBUG: Processing image 20240418_H09_t0013, keys: ['20240418_H09_e01']
DEBUG: Processing image 20240418_H09_t0014, keys: ['20240418_H09_e01']
DEBUG: Processing image 20240418_H09_t0015, keys: ['20240418_H09_e01']
DEBUG: Processing image 20240418_H09_t0016, keys: ['20240418_H09_e01']
DEBUG: Processing image 20240418_H09_t0017, keys: ['20240418_H09_e01']
DEBUG: Processing image 20240418_H09_t0018, keys: ['20240418_H09_e01']
DEBUG: Processing image 20240418_H09_t0019, keys: ['20240418_H09_e01']
DEBUG: Processing image 20240418_H09_t0020, keys: ['20240418_H09_e01']
DEBUG: Processing image 20240418_H09_t0021, keys: ['20240418_H09_e01']
DEBUG: Processing image 20240418_H09_t0022, keys: ['20240418_H09_e01']
DEBUG: Processing image 20240418_H09_t0023, keys: ['20240418_H09_e01']
DEBUG: Processing image 20240418_H09_t0024, keys: ['20240418_H09_e01']
DEBUG: Processing image 20240418_H09_t0025, keys: ['20240418_H09_e01']
DEBUG: Processing image 20240418_H09_t0026, keys: ['20240418_H09_e01']
DEBUG: Processing image 20240418_H09_t0027, keys: ['20240418_H09_e01']
DEBUG: Processing image 20240418_H09_t0028, keys: ['20240418_H09_e01']
DEBUG: Processing image 20240418_H09_t0029, keys: ['20240418_H09_e01']
DEBUG: Processing image 20240418_H09_t0030, keys: ['20240418_H09_e01']
DEBUG: Processing image 20240418_H09_t0031, keys: ['20240418_H09_e01']
DEBUG: Processing image 20240418_H09_t0032, keys: ['20240418_H09_e01']
DEBUG: Processing image 20240418_H09_t0033, keys: ['20240418_H09_e01']
DEBUG: Processing image 20240418_H09_t0034, keys: ['20240418_H09_e01']
DEBUG: Processing image 20240418_H09_t0035, keys: ['20240418_H09_e01']
DEBUG: Processing image 20240418_H09_t0036, keys: ['20240418_H09_e01']
DEBUG: Processing image 20240418_H09_t0037, keys: ['20240418_H09_e01']
DEBUG: Processing image 20240418_H09_t0038, keys: ['20240418_H09_e01']
DEBUG: Processing image 20240418_H09_t0039, keys: ['20240418_H09_e01']
DEBUG: Processing image 20240418_H09_t0040, keys: ['20240418_H09_e01']
DEBUG: Processing image 20240418_H09_t0041, keys: ['20240418_H09_e01']
DEBUG: Processing image 20240418_H09_t0042, keys: ['20240418_H09_e01']
DEBUG: Processing image 20240418_H09_t0043, keys: ['20240418_H09_e01']
DEBUG: Processing image 20240418_H09_t0044, keys: ['20240418_H09_e01']
DEBUG: Processing image 20240418_H09_t0045, keys: ['20240418_H09_e01']
✅ Video 20240418_H09 processed: 46 frames
✅ Video 20240418_H09 processed successfully

📹 Processing video 13/172: 20240418_G04
🎬 Processing video: 20240418_G04
🎬 Processing single video: 20240418_G04
📁 Video directory: /net/trapnell/vol1/home/mdcolon/proj/morphseq/segmentation_sandbox/data/raw_data_organized/20240418/images/20240418_G04
🖼️ Total frames: 46
➡️ Forward propagation from first frame - avoiding bidirectional propagation
🌱 Seed frame: 20240418_G04_t0000 (index 0)
🎯 Seed detections: 1
🔄 Running SAM2 propagation from frame 0...
   Video directory: /net/trapnell/vol1/home/mdcolon/proj/morphseq/segmentation_sandbox/data/raw_data_organized/20240418/images/20240418_G04
   Seed frame image_id: 20240418_G04_t0000
   📁 Creating SAM2-compatible frame directory with 46 frames
   SAM2 prompt for 20240418_G04_e01 (normalized): bbox=[389.1,1411.6,616.2,1648.3]
   Propagating through 46 video frames...
✅ SAM2 propagation complete for 46 frames
DEBUG: Processing image 20240418_G04_t0000, keys: ['20240418_G04_e01']
DEBUG: Processing image 20240418_G04_t0001, keys: ['20240418_G04_e01']
DEBUG: Processing image 20240418_G04_t0002, keys: ['20240418_G04_e01']
DEBUG: Processing image 20240418_G04_t0003, keys: ['20240418_G04_e01']
DEBUG: Processing image 20240418_G04_t0004, keys: ['20240418_G04_e01']
DEBUG: Processing image 20240418_G04_t0005, keys: ['20240418_G04_e01']
DEBUG: Processing image 20240418_G04_t0006, keys: ['20240418_G04_e01']
DEBUG: Processing image 20240418_G04_t0007, keys: ['20240418_G04_e01']
DEBUG: Processing image 20240418_G04_t0008, keys: ['20240418_G04_e01']
DEBUG: Processing image 20240418_G04_t0009, keys: ['20240418_G04_e01']
DEBUG: Processing image 20240418_G04_t0010, keys: ['20240418_G04_e01']
DEBUG: Processing image 20240418_G04_t0011, keys: ['20240418_G04_e01']
DEBUG: Processing image 20240418_G04_t0012, keys: ['20240418_G04_e01']
DEBUG: Processing image 20240418_G04_t0013, keys: ['20240418_G04_e01']
DEBUG: Processing image 20240418_G04_t0014, keys: ['20240418_G04_e01']
DEBUG: Processing image 20240418_G04_t0015, keys: ['20240418_G04_e01']
DEBUG: Processing image 20240418_G04_t0016, keys: ['20240418_G04_e01']
DEBUG: Processing image 20240418_G04_t0017, keys: ['20240418_G04_e01']
DEBUG: Processing image 20240418_G04_t0018, keys: ['20240418_G04_e01']
DEBUG: Processing image 20240418_G04_t0019, keys: ['20240418_G04_e01']
DEBUG: Processing image 20240418_G04_t0020, keys: ['20240418_G04_e01']
DEBUG: Processing image 20240418_G04_t0021, keys: ['20240418_G04_e01']
DEBUG: Processing image 20240418_G04_t0022, keys: ['20240418_G04_e01']
DEBUG: Processing image 20240418_G04_t0023, keys: ['20240418_G04_e01']
DEBUG: Processing image 20240418_G04_t0024, keys: ['20240418_G04_e01']
DEBUG: Processing image 20240418_G04_t0025, keys: ['20240418_G04_e01']
DEBUG: Processing image 20240418_G04_t0026, keys: ['20240418_G04_e01']
DEBUG: Processing image 20240418_G04_t0027, keys: ['20240418_G04_e01']
DEBUG: Processing image 20240418_G04_t0028, keys: ['20240418_G04_e01']
DEBUG: Processing image 20240418_G04_t0029, keys: ['20240418_G04_e01']
DEBUG: Processing image 20240418_G04_t0030, keys: ['20240418_G04_e01']
DEBUG: Processing image 20240418_G04_t0031, keys: ['20240418_G04_e01']
DEBUG: Processing image 20240418_G04_t0032, keys: ['20240418_G04_e01']
DEBUG: Processing image 20240418_G04_t0033, keys: ['20240418_G04_e01']
DEBUG: Processing image 20240418_G04_t0034, keys: ['20240418_G04_e01']
DEBUG: Processing image 20240418_G04_t0035, keys: ['20240418_G04_e01']
DEBUG: Processing image 20240418_G04_t0036, keys: ['20240418_G04_e01']
DEBUG: Processing image 20240418_G04_t0037, keys: ['20240418_G04_e01']
DEBUG: Processing image 20240418_G04_t0038, keys: ['20240418_G04_e01']
DEBUG: Processing image 20240418_G04_t0039, keys: ['20240418_G04_e01']
DEBUG: Processing image 20240418_G04_t0040, keys: ['20240418_G04_e01']
DEBUG: Processing image 20240418_G04_t0041, keys: ['20240418_G04_e01']
DEBUG: Processing image 20240418_G04_t0042, keys: ['20240418_G04_e01']
DEBUG: Processing image 20240418_G04_t0043, keys: ['20240418_G04_e01']
DEBUG: Processing image 20240418_G04_t0044, keys: ['20240418_G04_e01']
DEBUG: Processing image 20240418_G04_t0045, keys: ['20240418_G04_e01']
✅ Video 20240418_G04 processed: 46 frames
✅ Video 20240418_G04 processed successfully

📹 Processing video 14/172: 20240418_B07
🎬 Processing video: 20240418_B07
🎬 Processing single video: 20240418_B07
📁 Video directory: /net/trapnell/vol1/home/mdcolon/proj/morphseq/segmentation_sandbox/data/raw_data_organized/20240418/images/20240418_B07
🖼️ Total frames: 46
➡️ Forward propagation from first frame - avoiding bidirectional propagation
🌱 Seed frame: 20240418_B07_t0000 (index 0)
🎯 Seed detections: 2
🔄 Running SAM2 propagation from frame 0...
   Video directory: /net/trapnell/vol1/home/mdcolon/proj/morphseq/segmentation_sandbox/data/raw_data_organized/20240418/images/20240418_B07
   Seed frame image_id: 20240418_B07_t0000
   📁 Creating SAM2-compatible frame directory with 46 frames
   SAM2 prompt for 20240418_B07_e01 (normalized): bbox=[1243.8,1158.8,1466.3,1626.1]
   SAM2 prompt for 20240418_B07_e02 (normalized): bbox=[462.1,955.0,715.9,1376.0]
   Propagating through 46 video frames...
✅ SAM2 propagation complete for 46 frames
DEBUG: Processing image 20240418_B07_t0000, keys: ['20240418_B07_e01', '20240418_B07_e02']
DEBUG: Processing image 20240418_B07_t0001, keys: ['20240418_B07_e01', '20240418_B07_e02']
DEBUG: Processing image 20240418_B07_t0002, keys: ['20240418_B07_e01', '20240418_B07_e02']
DEBUG: Processing image 20240418_B07_t0003, keys: ['20240418_B07_e01', '20240418_B07_e02']
DEBUG: Processing image 20240418_B07_t0004, keys: ['20240418_B07_e01', '20240418_B07_e02']
DEBUG: Processing image 20240418_B07_t0005, keys: ['20240418_B07_e01', '20240418_B07_e02']
DEBUG: Processing image 20240418_B07_t0006, keys: ['20240418_B07_e01', '20240418_B07_e02']
DEBUG: Processing image 20240418_B07_t0007, keys: ['20240418_B07_e01', '20240418_B07_e02']
DEBUG: Processing image 20240418_B07_t0008, keys: ['20240418_B07_e01', '20240418_B07_e02']
DEBUG: Processing image 20240418_B07_t0009, keys: ['20240418_B07_e01', '20240418_B07_e02']
DEBUG: Processing image 20240418_B07_t0010, keys: ['20240418_B07_e01', '20240418_B07_e02']
DEBUG: Processing image 20240418_B07_t0011, keys: ['20240418_B07_e01', '20240418_B07_e02']
DEBUG: Processing image 20240418_B07_t0012, keys: ['20240418_B07_e01', '20240418_B07_e02']
DEBUG: Processing image 20240418_B07_t0013, keys: ['20240418_B07_e01', '20240418_B07_e02']
DEBUG: Processing image 20240418_B07_t0014, keys: ['20240418_B07_e01', '20240418_B07_e02']
DEBUG: Processing image 20240418_B07_t0015, keys: ['20240418_B07_e01', '20240418_B07_e02']
DEBUG: Processing image 20240418_B07_t0016, keys: ['20240418_B07_e01', '20240418_B07_e02']
DEBUG: Processing image 20240418_B07_t0017, keys: ['20240418_B07_e01', '20240418_B07_e02']
DEBUG: Processing image 20240418_B07_t0018, keys: ['20240418_B07_e01', '20240418_B07_e02']
DEBUG: Processing image 20240418_B07_t0019, keys: ['20240418_B07_e01', '20240418_B07_e02']
DEBUG: Processing image 20240418_B07_t0020, keys: ['20240418_B07_e01', '20240418_B07_e02']
DEBUG: Processing image 20240418_B07_t0021, keys: ['20240418_B07_e01', '20240418_B07_e02']
DEBUG: Processing image 20240418_B07_t0022, keys: ['20240418_B07_e01', '20240418_B07_e02']
DEBUG: Processing image 20240418_B07_t0023, keys: ['20240418_B07_e01', '20240418_B07_e02']
DEBUG: Processing image 20240418_B07_t0024, keys: ['20240418_B07_e01', '20240418_B07_e02']
DEBUG: Processing image 20240418_B07_t0025, keys: ['20240418_B07_e01', '20240418_B07_e02']
DEBUG: Processing image 20240418_B07_t0026, keys: ['20240418_B07_e01', '20240418_B07_e02']
DEBUG: Processing image 20240418_B07_t0027, keys: ['20240418_B07_e01', '20240418_B07_e02']
DEBUG: Processing image 20240418_B07_t0028, keys: ['20240418_B07_e01', '20240418_B07_e02']
DEBUG: Processing image 20240418_B07_t0029, keys: ['20240418_B07_e01', '20240418_B07_e02']
DEBUG: Processing image 20240418_B07_t0030, keys: ['20240418_B07_e01', '20240418_B07_e02']
DEBUG: Processing image 20240418_B07_t0031, keys: ['20240418_B07_e01', '20240418_B07_e02']
DEBUG: Processing image 20240418_B07_t0032, keys: ['20240418_B07_e01', '20240418_B07_e02']
DEBUG: Processing image 20240418_B07_t0033, keys: ['20240418_B07_e01', '20240418_B07_e02']
DEBUG: Processing image 20240418_B07_t0034, keys: ['20240418_B07_e01', '20240418_B07_e02']
DEBUG: Processing image 20240418_B07_t0035, keys: ['20240418_B07_e01', '20240418_B07_e02']
DEBUG: Processing image 20240418_B07_t0036, keys: ['20240418_B07_e01', '20240418_B07_e02']
DEBUG: Processing image 20240418_B07_t0037, keys: ['20240418_B07_e01', '20240418_B07_e02']
DEBUG: Processing image 20240418_B07_t0038, keys: ['20240418_B07_e01', '20240418_B07_e02']
DEBUG: Processing image 20240418_B07_t0039, keys: ['20240418_B07_e01', '20240418_B07_e02']
DEBUG: Processing image 20240418_B07_t0040, keys: ['20240418_B07_e01', '20240418_B07_e02']
DEBUG: Processing image 20240418_B07_t0041, keys: ['20240418_B07_e01', '20240418_B07_e02']
DEBUG: Processing image 20240418_B07_t0042, keys: ['20240418_B07_e01', '20240418_B07_e02']
DEBUG: Processing image 20240418_B07_t0043, keys: ['20240418_B07_e01', '20240418_B07_e02']
DEBUG: Processing image 20240418_B07_t0044, keys: ['20240418_B07_e01', '20240418_B07_e02']
DEBUG: Processing image 20240418_B07_t0045, keys: ['20240418_B07_e01', '20240418_B07_e02']
✅ Video 20240418_B07 processed: 46 frames
✅ Video 20240418_B07 processed successfully

📹 Processing video 15/172: 20240418_E08
🎬 Processing video: 20240418_E08
🎬 Processing single video: 20240418_E08
📁 Video directory: /net/trapnell/vol1/home/mdcolon/proj/morphseq/segmentation_sandbox/data/raw_data_organized/20240418/images/20240418_E08
🖼️ Total frames: 46
➡️ Forward propagation from first frame - avoiding bidirectional propagation
🌱 Seed frame: 20240418_E08_t0000 (index 0)
🎯 Seed detections: 2
🔄 Running SAM2 propagation from frame 0...
   Video directory: /net/trapnell/vol1/home/mdcolon/proj/morphseq/segmentation_sandbox/data/raw_data_organized/20240418/images/20240418_E08
   Seed frame image_id: 20240418_E08_t0000
   📁 Creating SAM2-compatible frame directory with 46 frames
   SAM2 prompt for 20240418_E08_e01 (normalized): bbox=[1190.5,1340.2,1413.8,1614.1]
   SAM2 prompt for 20240418_E08_e02 (normalized): bbox=[1201.7,862.0,1416.4,1111.2]
   Propagating through 46 video frames...
✅ SAM2 propagation complete for 46 frames
DEBUG: Processing image 20240418_E08_t0000, keys: ['20240418_E08_e01', '20240418_E08_e02']
DEBUG: Processing image 20240418_E08_t0001, keys: ['20240418_E08_e01', '20240418_E08_e02']
DEBUG: Processing image 20240418_E08_t0002, keys: ['20240418_E08_e01', '20240418_E08_e02']
DEBUG: Processing image 20240418_E08_t0003, keys: ['20240418_E08_e01', '20240418_E08_e02']
DEBUG: Processing image 20240418_E08_t0004, keys: ['20240418_E08_e01', '20240418_E08_e02']
DEBUG: Processing image 20240418_E08_t0005, keys: ['20240418_E08_e01', '20240418_E08_e02']
DEBUG: Processing image 20240418_E08_t0006, keys: ['20240418_E08_e01', '20240418_E08_e02']
DEBUG: Processing image 20240418_E08_t0007, keys: ['20240418_E08_e01', '20240418_E08_e02']
DEBUG: Processing image 20240418_E08_t0008, keys: ['20240418_E08_e01', '20240418_E08_e02']
DEBUG: Processing image 20240418_E08_t0009, keys: ['20240418_E08_e01', '20240418_E08_e02']
DEBUG: Processing image 20240418_E08_t0010, keys: ['20240418_E08_e01', '20240418_E08_e02']
DEBUG: Processing image 20240418_E08_t0011, keys: ['20240418_E08_e01', '20240418_E08_e02']
DEBUG: Processing image 20240418_E08_t0012, keys: ['20240418_E08_e01', '20240418_E08_e02']
DEBUG: Processing image 20240418_E08_t0013, keys: ['20240418_E08_e01', '20240418_E08_e02']
DEBUG: Processing image 20240418_E08_t0014, keys: ['20240418_E08_e01', '20240418_E08_e02']
DEBUG: Processing image 20240418_E08_t0015, keys: ['20240418_E08_e01', '20240418_E08_e02']
DEBUG: Processing image 20240418_E08_t0016, keys: ['20240418_E08_e01', '20240418_E08_e02']
DEBUG: Processing image 20240418_E08_t0017, keys: ['20240418_E08_e01', '20240418_E08_e02']
DEBUG: Processing image 20240418_E08_t0018, keys: ['20240418_E08_e01', '20240418_E08_e02']
DEBUG: Processing image 20240418_E08_t0019, keys: ['20240418_E08_e01', '20240418_E08_e02']
DEBUG: Processing image 20240418_E08_t0020, keys: ['20240418_E08_e01', '20240418_E08_e02']
DEBUG: Processing image 20240418_E08_t0021, keys: ['20240418_E08_e01', '20240418_E08_e02']
DEBUG: Processing image 20240418_E08_t0022, keys: ['20240418_E08_e01', '20240418_E08_e02']
DEBUG: Processing image 20240418_E08_t0023, keys: ['20240418_E08_e01', '20240418_E08_e02']
DEBUG: Processing image 20240418_E08_t0024, keys: ['20240418_E08_e01', '20240418_E08_e02']
DEBUG: Processing image 20240418_E08_t0025, keys: ['20240418_E08_e01', '20240418_E08_e02']
DEBUG: Processing image 20240418_E08_t0026, keys: ['20240418_E08_e01', '20240418_E08_e02']
DEBUG: Processing image 20240418_E08_t0027, keys: ['20240418_E08_e01', '20240418_E08_e02']
DEBUG: Processing image 20240418_E08_t0028, keys: ['20240418_E08_e01', '20240418_E08_e02']
DEBUG: Processing image 20240418_E08_t0029, keys: ['20240418_E08_e01', '20240418_E08_e02']
DEBUG: Processing image 20240418_E08_t0030, keys: ['20240418_E08_e01', '20240418_E08_e02']
DEBUG: Processing image 20240418_E08_t0031, keys: ['20240418_E08_e01', '20240418_E08_e02']
DEBUG: Processing image 20240418_E08_t0032, keys: ['20240418_E08_e01', '20240418_E08_e02']
DEBUG: Processing image 20240418_E08_t0033, keys: ['20240418_E08_e01', '20240418_E08_e02']
DEBUG: Processing image 20240418_E08_t0034, keys: ['20240418_E08_e01', '20240418_E08_e02']
DEBUG: Processing image 20240418_E08_t0035, keys: ['20240418_E08_e01', '20240418_E08_e02']
DEBUG: Processing image 20240418_E08_t0036, keys: ['20240418_E08_e01', '20240418_E08_e02']
DEBUG: Processing image 20240418_E08_t0037, keys: ['20240418_E08_e01', '20240418_E08_e02']
DEBUG: Processing image 20240418_E08_t0038, keys: ['20240418_E08_e01', '20240418_E08_e02']
DEBUG: Processing image 20240418_E08_t0039, keys: ['20240418_E08_e01', '20240418_E08_e02']
DEBUG: Processing image 20240418_E08_t0040, keys: ['20240418_E08_e01', '20240418_E08_e02']
DEBUG: Processing image 20240418_E08_t0041, keys: ['20240418_E08_e01', '20240418_E08_e02']
DEBUG: Processing image 20240418_E08_t0042, keys: ['20240418_E08_e01', '20240418_E08_e02']
DEBUG: Processing image 20240418_E08_t0043, keys: ['20240418_E08_e01', '20240418_E08_e02']
DEBUG: Processing image 20240418_E08_t0044, keys: ['20240418_E08_e01', '20240418_E08_e02']
DEBUG: Processing image 20240418_E08_t0045, keys: ['20240418_E08_e01', '20240418_E08_e02']
✅ Video 20240418_E08 processed: 46 frames
✅ Video 20240418_E08 processed successfully

📹 Processing video 16/172: 20240418_C04
🎬 Processing video: 20240418_C04
🎬 Processing single video: 20240418_C04
📁 Video directory: /net/trapnell/vol1/home/mdcolon/proj/morphseq/segmentation_sandbox/data/raw_data_organized/20240418/images/20240418_C04
🖼️ Total frames: 46
➡️ Forward propagation from first frame - avoiding bidirectional propagation
🌱 Seed frame: 20240418_C04_t0000 (index 0)
🎯 Seed detections: 1
🔄 Running SAM2 propagation from frame 0...
   Video directory: /net/trapnell/vol1/home/mdcolon/proj/morphseq/segmentation_sandbox/data/raw_data_organized/20240418/images/20240418_C04
   Seed frame image_id: 20240418_C04_t0000
   📁 Creating SAM2-compatible frame directory with 46 frames
   SAM2 prompt for 20240418_C04_e01 (normalized): bbox=[1187.3,1419.3,1403.5,1669.5]
   Propagating through 46 video frames...
✅ SAM2 propagation complete for 46 frames
DEBUG: Processing image 20240418_C04_t0000, keys: ['20240418_C04_e01']
DEBUG: Processing image 20240418_C04_t0001, keys: ['20240418_C04_e01']
DEBUG: Processing image 20240418_C04_t0002, keys: ['20240418_C04_e01']
DEBUG: Processing image 20240418_C04_t0003, keys: ['20240418_C04_e01']
DEBUG: Processing image 20240418_C04_t0004, keys: ['20240418_C04_e01']
DEBUG: Processing image 20240418_C04_t0005, keys: ['20240418_C04_e01']
DEBUG: Processing image 20240418_C04_t0006, keys: ['20240418_C04_e01']
DEBUG: Processing image 20240418_C04_t0007, keys: ['20240418_C04_e01']
DEBUG: Processing image 20240418_C04_t0008, keys: ['20240418_C04_e01']
DEBUG: Processing image 20240418_C04_t0009, keys: ['20240418_C04_e01']
DEBUG: Processing image 20240418_C04_t0010, keys: ['20240418_C04_e01']
DEBUG: Processing image 20240418_C04_t0011, keys: ['20240418_C04_e01']
DEBUG: Processing image 20240418_C04_t0012, keys: ['20240418_C04_e01']
DEBUG: Processing image 20240418_C04_t0013, keys: ['20240418_C04_e01']
DEBUG: Processing image 20240418_C04_t0014, keys: ['20240418_C04_e01']
DEBUG: Processing image 20240418_C04_t0015, keys: ['20240418_C04_e01']
DEBUG: Processing image 20240418_C04_t0016, keys: ['20240418_C04_e01']
DEBUG: Processing image 20240418_C04_t0017, keys: ['20240418_C04_e01']
DEBUG: Processing image 20240418_C04_t0018, keys: ['20240418_C04_e01']
DEBUG: Processing image 20240418_C04_t0019, keys: ['20240418_C04_e01']
DEBUG: Processing image 20240418_C04_t0020, keys: ['20240418_C04_e01']
DEBUG: Processing image 20240418_C04_t0021, keys: ['20240418_C04_e01']
DEBUG: Processing image 20240418_C04_t0022, keys: ['20240418_C04_e01']
DEBUG: Processing image 20240418_C04_t0023, keys: ['20240418_C04_e01']
DEBUG: Processing image 20240418_C04_t0024, keys: ['20240418_C04_e01']
DEBUG: Processing image 20240418_C04_t0025, keys: ['20240418_C04_e01']
DEBUG: Processing image 20240418_C04_t0026, keys: ['20240418_C04_e01']
DEBUG: Processing image 20240418_C04_t0027, keys: ['20240418_C04_e01']
DEBUG: Processing image 20240418_C04_t0028, keys: ['20240418_C04_e01']
DEBUG: Processing image 20240418_C04_t0029, keys: ['20240418_C04_e01']
DEBUG: Processing image 20240418_C04_t0030, keys: ['20240418_C04_e01']
DEBUG: Processing image 20240418_C04_t0031, keys: ['20240418_C04_e01']
DEBUG: Processing image 20240418_C04_t0032, keys: ['20240418_C04_e01']
DEBUG: Processing image 20240418_C04_t0033, keys: ['20240418_C04_e01']
DEBUG: Processing image 20240418_C04_t0034, keys: ['20240418_C04_e01']
DEBUG: Processing image 20240418_C04_t0035, keys: ['20240418_C04_e01']
DEBUG: Processing image 20240418_C04_t0036, keys: ['20240418_C04_e01']
DEBUG: Processing image 20240418_C04_t0037, keys: ['20240418_C04_e01']
DEBUG: Processing image 20240418_C04_t0038, keys: ['20240418_C04_e01']
DEBUG: Processing image 20240418_C04_t0039, keys: ['20240418_C04_e01']
DEBUG: Processing image 20240418_C04_t0040, keys: ['20240418_C04_e01']
DEBUG: Processing image 20240418_C04_t0041, keys: ['20240418_C04_e01']
DEBUG: Processing image 20240418_C04_t0042, keys: ['20240418_C04_e01']
DEBUG: Processing image 20240418_C04_t0043, keys: ['20240418_C04_e01']
DEBUG: Processing image 20240418_C04_t0044, keys: ['20240418_C04_e01']
DEBUG: Processing image 20240418_C04_t0045, keys: ['20240418_C04_e01']
✅ Video 20240418_C04 processed: 46 frames
✅ Video 20240418_C04 processed successfully

📹 Processing video 17/172: 20231206_B05
🎬 Processing video: 20231206_B05
🎬 Processing single video: 20231206_B05
📁 Video directory: /net/trapnell/vol1/home/mdcolon/proj/morphseq/segmentation_sandbox/data/raw_data_organized/20231206/images/20231206_B05
🖼️ Total frames: 59
➡️ Forward propagation from first frame - avoiding bidirectional propagation
🌱 Seed frame: 20231206_B05_t0000 (index 0)
🎯 Seed detections: 1
🔄 Running SAM2 propagation from frame 0...
   Video directory: /net/trapnell/vol1/home/mdcolon/proj/morphseq/segmentation_sandbox/data/raw_data_organized/20231206/images/20231206_B05
   Seed frame image_id: 20231206_B05_t0000
   📁 Creating SAM2-compatible frame directory with 59 frames
   SAM2 prompt for 20231206_B05_e01 (normalized): bbox=[1022.5,911.9,1538.9,1394.9]
   Propagating through 59 video frames...
✅ SAM2 propagation complete for 59 frames
DEBUG: Processing image 20231206_B05_t0000, keys: ['20231206_B05_e01']
DEBUG: Processing image 20231206_B05_t0001, keys: ['20231206_B05_e01']
DEBUG: Processing image 20231206_B05_t0002, keys: ['20231206_B05_e01']
DEBUG: Processing image 20231206_B05_t0003, keys: ['20231206_B05_e01']
DEBUG: Processing image 20231206_B05_t0004, keys: ['20231206_B05_e01']
DEBUG: Processing image 20231206_B05_t0005, keys: ['20231206_B05_e01']
DEBUG: Processing image 20231206_B05_t0006, keys: ['20231206_B05_e01']
DEBUG: Processing image 20231206_B05_t0007, keys: ['20231206_B05_e01']
DEBUG: Processing image 20231206_B05_t0008, keys: ['20231206_B05_e01']
DEBUG: Processing image 20231206_B05_t0009, keys: ['20231206_B05_e01']
DEBUG: Processing image 20231206_B05_t0010, keys: ['20231206_B05_e01']
DEBUG: Processing image 20231206_B05_t0011, keys: ['20231206_B05_e01']
DEBUG: Processing image 20231206_B05_t0012, keys: ['20231206_B05_e01']
DEBUG: Processing image 20231206_B05_t0013, keys: ['20231206_B05_e01']
DEBUG: Processing image 20231206_B05_t0014, keys: ['20231206_B05_e01']
DEBUG: Processing image 20231206_B05_t0015, keys: ['20231206_B05_e01']
DEBUG: Processing image 20231206_B05_t0016, keys: ['20231206_B05_e01']
DEBUG: Processing image 20231206_B05_t0017, keys: ['20231206_B05_e01']
DEBUG: Processing image 20231206_B05_t0018, keys: ['20231206_B05_e01']
DEBUG: Processing image 20231206_B05_t0019, keys: ['20231206_B05_e01']
DEBUG: Processing image 20231206_B05_t0020, keys: ['20231206_B05_e01']
DEBUG: Processing image 20231206_B05_t0021, keys: ['20231206_B05_e01']
DEBUG: Processing image 20231206_B05_t0022, keys: ['20231206_B05_e01']
DEBUG: Processing image 20231206_B05_t0023, keys: ['20231206_B05_e01']
DEBUG: Processing image 20231206_B05_t0024, keys: ['20231206_B05_e01']
DEBUG: Processing image 20231206_B05_t0025, keys: ['20231206_B05_e01']
DEBUG: Processing image 20231206_B05_t0026, keys: ['20231206_B05_e01']
DEBUG: Processing image 20231206_B05_t0027, keys: ['20231206_B05_e01']
DEBUG: Processing image 20231206_B05_t0028, keys: ['20231206_B05_e01']
DEBUG: Processing image 20231206_B05_t0029, keys: ['20231206_B05_e01']
DEBUG: Processing image 20231206_B05_t0030, keys: ['20231206_B05_e01']
DEBUG: Processing image 20231206_B05_t0031, keys: ['20231206_B05_e01']
DEBUG: Processing image 20231206_B05_t0032, keys: ['20231206_B05_e01']
DEBUG: Processing image 20231206_B05_t0033, keys: ['20231206_B05_e01']
DEBUG: Processing image 20231206_B05_t0034, keys: ['20231206_B05_e01']
DEBUG: Processing image 20231206_B05_t0035, keys: ['20231206_B05_e01']
DEBUG: Processing image 20231206_B05_t0036, keys: ['20231206_B05_e01']
DEBUG: Processing image 20231206_B05_t0037, keys: ['20231206_B05_e01']
DEBUG: Processing image 20231206_B05_t0038, keys: ['20231206_B05_e01']
DEBUG: Processing image 20231206_B05_t0039, keys: ['20231206_B05_e01']
DEBUG: Processing image 20231206_B05_t0040, keys: ['20231206_B05_e01']
DEBUG: Processing image 20231206_B05_t0041, keys: ['20231206_B05_e01']
DEBUG: Processing image 20231206_B05_t0042, keys: ['20231206_B05_e01']
DEBUG: Processing image 20231206_B05_t0043, keys: ['20231206_B05_e01']
DEBUG: Processing image 20231206_B05_t0044, keys: ['20231206_B05_e01']
DEBUG: Processing image 20231206_B05_t0045, keys: ['20231206_B05_e01']
DEBUG: Processing image 20231206_B05_t0046, keys: ['20231206_B05_e01']
DEBUG: Processing image 20231206_B05_t0047, keys: ['20231206_B05_e01']
DEBUG: Processing image 20231206_B05_t0048, keys: ['20231206_B05_e01']
DEBUG: Processing image 20231206_B05_t0049, keys: ['20231206_B05_e01']
DEBUG: Processing image 20231206_B05_t0050, keys: ['20231206_B05_e01']
DEBUG: Processing image 20231206_B05_t0051, keys: ['20231206_B05_e01']
DEBUG: Processing image 20231206_B05_t0052, keys: ['20231206_B05_e01']
DEBUG: Processing image 20231206_B05_t0053, keys: ['20231206_B05_e01']
DEBUG: Processing image 20231206_B05_t0054, keys: ['20231206_B05_e01']
DEBUG: Processing image 20231206_B05_t0055, keys: ['20231206_B05_e01']
DEBUG: Processing image 20231206_B05_t0056, keys: ['20231206_B05_e01']
DEBUG: Processing image 20231206_B05_t0057, keys: ['20231206_B05_e01']
DEBUG: Processing image 20231206_B05_t0058, keys: ['20231206_B05_e01']
✅ Video 20231206_B05 processed: 59 frames
✅ Video 20231206_B05 processed successfully

📹 Processing video 18/172: 20231206_F03
🎬 Processing video: 20231206_F03
🎬 Processing single video: 20231206_F03
📁 Video directory: /net/trapnell/vol1/home/mdcolon/proj/morphseq/segmentation_sandbox/data/raw_data_organized/20231206/images/20231206_F03
🖼️ Total frames: 59
➡️ Forward propagation from first frame - avoiding bidirectional propagation
🌱 Seed frame: 20231206_F03_t0000 (index 0)
🎯 Seed detections: 1
🔄 Running SAM2 propagation from frame 0...
   Video directory: /net/trapnell/vol1/home/mdcolon/proj/morphseq/segmentation_sandbox/data/raw_data_organized/20231206/images/20231206_F03
   Seed frame image_id: 20231206_F03_t0000
   📁 Creating SAM2-compatible frame directory with 59 frames
   SAM2 prompt for 20231206_F03_e01 (normalized): bbox=[2085.3,881.0,3118.4,1498.5]
   Propagating through 59 video frames...
✅ SAM2 propagation complete for 59 frames
DEBUG: Processing image 20231206_F03_t0000, keys: ['20231206_F03_e01']
DEBUG: Processing image 20231206_F03_t0001, keys: ['20231206_F03_e01']
DEBUG: Processing image 20231206_F03_t0002, keys: ['20231206_F03_e01']
DEBUG: Processing image 20231206_F03_t0003, keys: ['20231206_F03_e01']
DEBUG: Processing image 20231206_F03_t0004, keys: ['20231206_F03_e01']
DEBUG: Processing image 20231206_F03_t0005, keys: ['20231206_F03_e01']
DEBUG: Processing image 20231206_F03_t0006, keys: ['20231206_F03_e01']
DEBUG: Processing image 20231206_F03_t0007, keys: ['20231206_F03_e01']
DEBUG: Processing image 20231206_F03_t0008, keys: ['20231206_F03_e01']
DEBUG: Processing image 20231206_F03_t0009, keys: ['20231206_F03_e01']
DEBUG: Processing image 20231206_F03_t0010, keys: ['20231206_F03_e01']
DEBUG: Processing image 20231206_F03_t0011, keys: ['20231206_F03_e01']
DEBUG: Processing image 20231206_F03_t0012, keys: ['20231206_F03_e01']
DEBUG: Processing image 20231206_F03_t0013, keys: ['20231206_F03_e01']
DEBUG: Processing image 20231206_F03_t0014, keys: ['20231206_F03_e01']
DEBUG: Processing image 20231206_F03_t0015, keys: ['20231206_F03_e01']
DEBUG: Processing image 20231206_F03_t0016, keys: ['20231206_F03_e01']
DEBUG: Processing image 20231206_F03_t0017, keys: ['20231206_F03_e01']
DEBUG: Processing image 20231206_F03_t0018, keys: ['20231206_F03_e01']
DEBUG: Processing image 20231206_F03_t0019, keys: ['20231206_F03_e01']
DEBUG: Processing image 20231206_F03_t0020, keys: ['20231206_F03_e01']
DEBUG: Processing image 20231206_F03_t0021, keys: ['20231206_F03_e01']
DEBUG: Processing image 20231206_F03_t0022, keys: ['20231206_F03_e01']
DEBUG: Processing image 20231206_F03_t0023, keys: ['20231206_F03_e01']
DEBUG: Processing image 20231206_F03_t0024, keys: ['20231206_F03_e01']
DEBUG: Processing image 20231206_F03_t0025, keys: ['20231206_F03_e01']
DEBUG: Processing image 20231206_F03_t0026, keys: ['20231206_F03_e01']
DEBUG: Processing image 20231206_F03_t0027, keys: ['20231206_F03_e01']
DEBUG: Processing image 20231206_F03_t0028, keys: ['20231206_F03_e01']
DEBUG: Processing image 20231206_F03_t0029, keys: ['20231206_F03_e01']
DEBUG: Processing image 20231206_F03_t0030, keys: ['20231206_F03_e01']
DEBUG: Processing image 20231206_F03_t0031, keys: ['20231206_F03_e01']
DEBUG: Processing image 20231206_F03_t0032, keys: ['20231206_F03_e01']
DEBUG: Processing image 20231206_F03_t0033, keys: ['20231206_F03_e01']
DEBUG: Processing image 20231206_F03_t0034, keys: ['20231206_F03_e01']
DEBUG: Processing image 20231206_F03_t0035, keys: ['20231206_F03_e01']
DEBUG: Processing image 20231206_F03_t0036, keys: ['20231206_F03_e01']
DEBUG: Processing image 20231206_F03_t0037, keys: ['20231206_F03_e01']
DEBUG: Processing image 20231206_F03_t0038, keys: ['20231206_F03_e01']
DEBUG: Processing image 20231206_F03_t0039, keys: ['20231206_F03_e01']
DEBUG: Processing image 20231206_F03_t0040, keys: ['20231206_F03_e01']
DEBUG: Processing image 20231206_F03_t0041, keys: ['20231206_F03_e01']
DEBUG: Processing image 20231206_F03_t0042, keys: ['20231206_F03_e01']
DEBUG: Processing image 20231206_F03_t0043, keys: ['20231206_F03_e01']
DEBUG: Processing image 20231206_F03_t0044, keys: ['20231206_F03_e01']
DEBUG: Processing image 20231206_F03_t0045, keys: ['20231206_F03_e01']
DEBUG: Processing image 20231206_F03_t0046, keys: ['20231206_F03_e01']
DEBUG: Processing image 20231206_F03_t0047, keys: ['20231206_F03_e01']
DEBUG: Processing image 20231206_F03_t0048, keys: ['20231206_F03_e01']
DEBUG: Processing image 20231206_F03_t0049, keys: ['20231206_F03_e01']
DEBUG: Processing image 20231206_F03_t0050, keys: ['20231206_F03_e01']
DEBUG: Processing image 20231206_F03_t0051, keys: ['20231206_F03_e01']
DEBUG: Processing image 20231206_F03_t0052, keys: ['20231206_F03_e01']
DEBUG: Processing image 20231206_F03_t0053, keys: ['20231206_F03_e01']
DEBUG: Processing image 20231206_F03_t0054, keys: ['20231206_F03_e01']
DEBUG: Processing image 20231206_F03_t0055, keys: ['20231206_F03_e01']
DEBUG: Processing image 20231206_F03_t0056, keys: ['20231206_F03_e01']
DEBUG: Processing image 20231206_F03_t0057, keys: ['20231206_F03_e01']
DEBUG: Processing image 20231206_F03_t0058, keys: ['20231206_F03_e01']
✅ Video 20231206_F03 processed: 59 frames
✅ Video 20231206_F03 processed successfully

📹 Processing video 19/172: 20231206_F12
🎬 Processing video: 20231206_F12
🎬 Processing single video: 20231206_F12
📁 Video directory: /net/trapnell/vol1/home/mdcolon/proj/morphseq/segmentation_sandbox/data/raw_data_organized/20231206/images/20231206_F12
🖼️ Total frames: 59
➡️ Forward propagation from first frame - avoiding bidirectional propagation
🌱 Seed frame: 20231206_F12_t0000 (index 0)
🎯 Seed detections: 1
🔄 Running SAM2 propagation from frame 0...
   Video directory: /net/trapnell/vol1/home/mdcolon/proj/morphseq/segmentation_sandbox/data/raw_data_organized/20231206/images/20231206_F12
   Seed frame image_id: 20231206_F12_t0000
   📁 Creating SAM2-compatible frame directory with 59 frames
   SAM2 prompt for 20231206_F12_e01 (normalized): bbox=[1868.8,887.5,2942.0,1473.2]
   Propagating through 59 video frames...
✅ SAM2 propagation complete for 59 frames
DEBUG: Processing image 20231206_F12_t0000, keys: ['20231206_F12_e01']
DEBUG: Processing image 20231206_F12_t0001, keys: ['20231206_F12_e01']
DEBUG: Processing image 20231206_F12_t0002, keys: ['20231206_F12_e01']
DEBUG: Processing image 20231206_F12_t0003, keys: ['20231206_F12_e01']
DEBUG: Processing image 20231206_F12_t0004, keys: ['20231206_F12_e01']
DEBUG: Processing image 20231206_F12_t0005, keys: ['20231206_F12_e01']
DEBUG: Processing image 20231206_F12_t0006, keys: ['20231206_F12_e01']
DEBUG: Processing image 20231206_F12_t0007, keys: ['20231206_F12_e01']
DEBUG: Processing image 20231206_F12_t0008, keys: ['20231206_F12_e01']
DEBUG: Processing image 20231206_F12_t0009, keys: ['20231206_F12_e01']
DEBUG: Processing image 20231206_F12_t0010, keys: ['20231206_F12_e01']
DEBUG: Processing image 20231206_F12_t0011, keys: ['20231206_F12_e01']
DEBUG: Processing image 20231206_F12_t0012, keys: ['20231206_F12_e01']
DEBUG: Processing image 20231206_F12_t0013, keys: ['20231206_F12_e01']
DEBUG: Processing image 20231206_F12_t0014, keys: ['20231206_F12_e01']
DEBUG: Processing image 20231206_F12_t0015, keys: ['20231206_F12_e01']
DEBUG: Processing image 20231206_F12_t0016, keys: ['20231206_F12_e01']
DEBUG: Processing image 20231206_F12_t0017, keys: ['20231206_F12_e01']
DEBUG: Processing image 20231206_F12_t0018, keys: ['20231206_F12_e01']
DEBUG: Processing image 20231206_F12_t0019, keys: ['20231206_F12_e01']
DEBUG: Processing image 20231206_F12_t0020, keys: ['20231206_F12_e01']
DEBUG: Processing image 20231206_F12_t0021, keys: ['20231206_F12_e01']
DEBUG: Processing image 20231206_F12_t0022, keys: ['20231206_F12_e01']
DEBUG: Processing image 20231206_F12_t0023, keys: ['20231206_F12_e01']
DEBUG: Processing image 20231206_F12_t0024, keys: ['20231206_F12_e01']
DEBUG: Processing image 20231206_F12_t0025, keys: ['20231206_F12_e01']
DEBUG: Processing image 20231206_F12_t0026, keys: ['20231206_F12_e01']
DEBUG: Processing image 20231206_F12_t0027, keys: ['20231206_F12_e01']
DEBUG: Processing image 20231206_F12_t0028, keys: ['20231206_F12_e01']
DEBUG: Processing image 20231206_F12_t0029, keys: ['20231206_F12_e01']
DEBUG: Processing image 20231206_F12_t0030, keys: ['20231206_F12_e01']
DEBUG: Processing image 20231206_F12_t0031, keys: ['20231206_F12_e01']
DEBUG: Processing image 20231206_F12_t0032, keys: ['20231206_F12_e01']
DEBUG: Processing image 20231206_F12_t0033, keys: ['20231206_F12_e01']
DEBUG: Processing image 20231206_F12_t0034, keys: ['20231206_F12_e01']
DEBUG: Processing image 20231206_F12_t0035, keys: ['20231206_F12_e01']
DEBUG: Processing image 20231206_F12_t0036, keys: ['20231206_F12_e01']
DEBUG: Processing image 20231206_F12_t0037, keys: ['20231206_F12_e01']
DEBUG: Processing image 20231206_F12_t0038, keys: ['20231206_F12_e01']
DEBUG: Processing image 20231206_F12_t0039, keys: ['20231206_F12_e01']
DEBUG: Processing image 20231206_F12_t0040, keys: ['20231206_F12_e01']
DEBUG: Processing image 20231206_F12_t0041, keys: ['20231206_F12_e01']
DEBUG: Processing image 20231206_F12_t0042, keys: ['20231206_F12_e01']
DEBUG: Processing image 20231206_F12_t0043, keys: ['20231206_F12_e01']
DEBUG: Processing image 20231206_F12_t0044, keys: ['20231206_F12_e01']
DEBUG: Processing image 20231206_F12_t0045, keys: ['20231206_F12_e01']
DEBUG: Processing image 20231206_F12_t0046, keys: ['20231206_F12_e01']
DEBUG: Processing image 20231206_F12_t0047, keys: ['20231206_F12_e01']
DEBUG: Processing image 20231206_F12_t0048, keys: ['20231206_F12_e01']
DEBUG: Processing image 20231206_F12_t0049, keys: ['20231206_F12_e01']
DEBUG: Processing image 20231206_F12_t0050, keys: ['20231206_F12_e01']
DEBUG: Processing image 20231206_F12_t0051, keys: ['20231206_F12_e01']
DEBUG: Processing image 20231206_F12_t0052, keys: ['20231206_F12_e01']
DEBUG: Processing image 20231206_F12_t0053, keys: ['20231206_F12_e01']
DEBUG: Processing image 20231206_F12_t0054, keys: ['20231206_F12_e01']
DEBUG: Processing image 20231206_F12_t0055, keys: ['20231206_F12_e01']
DEBUG: Processing image 20231206_F12_t0056, keys: ['20231206_F12_e01']
DEBUG: Processing image 20231206_F12_t0057, keys: ['20231206_F12_e01']
DEBUG: Processing image 20231206_F12_t0058, keys: ['20231206_F12_e01']
✅ Video 20231206_F12 processed: 59 frames
✅ Video 20231206_F12 processed successfully

📹 Processing video 20/172: 20231206_D05
🎬 Processing video: 20231206_D05
🎬 Processing single video: 20231206_D05
📁 Video directory: /net/trapnell/vol1/home/mdcolon/proj/morphseq/segmentation_sandbox/data/raw_data_organized/20231206/images/20231206_D05
🖼️ Total frames: 59
➡️ Forward propagation from first frame - avoiding bidirectional propagation
🌱 Seed frame: 20231206_D05_t0000 (index 0)
🎯 Seed detections: 1
🔄 Running SAM2 propagation from frame 0...
   Video directory: /net/trapnell/vol1/home/mdcolon/proj/morphseq/segmentation_sandbox/data/raw_data_organized/20231206/images/20231206_D05
   Seed frame image_id: 20231206_D05_t0000
   📁 Creating SAM2-compatible frame directory with 59 frames
